{"C:\\Users\\jacke\\Documents\\GitHub\\eSports-EXE\\apps\\website-v2\\src\\api\\client.ts": {"path":"C:\\Users\\jacke\\Documents\\GitHub\\eSports-EXE\\apps\\website-v2\\src\\api\\client.ts","statementMap":{"0":{"start":{"line":12,"column":18},"end":{"line":12,"column":37}},"1":{"start":{"line":27,"column":23},"end":{"line":27,"column":null}},"2":{"start":{"line":28,"column":26},"end":{"line":28,"column":null}},"3":{"start":{"line":35,"column":2},"end":{"line":49,"column":null}},"4":{"start":{"line":37,"column":4},"end":{"line":39,"column":null}},"5":{"start":{"line":38,"column":20},"end":{"line":38,"column":56}},"6":{"start":{"line":39,"column":6},"end":{"line":39,"column":null}},"7":{"start":{"line":39,"column":17},"end":{"line":39,"column":null}},"8":{"start":{"line":43,"column":20},"end":{"line":43,"column":46}},"9":{"start":{"line":44,"column":24},"end":{"line":44,"column":84}},"10":{"start":{"line":44,"column":42},"end":{"line":44,"column":83}},"11":{"start":{"line":45,"column":4},"end":{"line":46,"column":null}},"12":{"start":{"line":46,"column":6},"end":{"line":46,"column":null}},"13":{"start":{"line":49,"column":4},"end":{"line":49,"column":null}},"14":{"start":{"line":51,"column":2},"end":{"line":51,"column":null}},"15":{"start":{"line":58,"column":2},"end":{"line":63,"column":null}},"16":{"start":{"line":59,"column":4},"end":{"line":60,"column":null}},"17":{"start":{"line":60,"column":6},"end":{"line":60,"column":null}},"18":{"start":{"line":63,"column":4},"end":{"line":63,"column":null}},"19":{"start":{"line":65,"column":2},"end":{"line":65,"column":null}},"20":{"start":{"line":72,"column":2},"end":{"line":80,"column":null}},"21":{"start":{"line":73,"column":4},"end":{"line":76,"column":null}},"22":{"start":{"line":74,"column":6},"end":{"line":74,"column":null}},"23":{"start":{"line":75,"column":6},"end":{"line":76,"column":null}},"24":{"start":{"line":76,"column":8},"end":{"line":76,"column":null}},"25":{"start":{"line":80,"column":4},"end":{"line":80,"column":null}},"26":{"start":{"line":88,"column":2},"end":{"line":96,"column":null}},"27":{"start":{"line":89,"column":4},"end":{"line":91,"column":null}},"28":{"start":{"line":90,"column":6},"end":{"line":90,"column":null}},"29":{"start":{"line":91,"column":6},"end":{"line":91,"column":null}},"30":{"start":{"line":94,"column":4},"end":{"line":94,"column":null}},"31":{"start":{"line":96,"column":4},"end":{"line":96,"column":null}},"32":{"start":{"line":105,"column":23},"end":{"line":105,"column":40}},"33":{"start":{"line":106,"column":2},"end":{"line":108,"column":null}},"34":{"start":{"line":107,"column":4},"end":{"line":107,"column":null}},"35":{"start":{"line":108,"column":4},"end":{"line":108,"column":null}},"36":{"start":{"line":111,"column":2},"end":{"line":131,"column":null}},"37":{"start":{"line":112,"column":21},"end":{"line":118,"column":6}},"38":{"start":{"line":120,"column":4},"end":{"line":121,"column":null}},"39":{"start":{"line":121,"column":6},"end":{"line":121,"column":null}},"40":{"start":{"line":124,"column":17},"end":{"line":124,"column":38}},"41":{"start":{"line":125,"column":4},"end":{"line":128,"column":null}},"42":{"start":{"line":126,"column":6},"end":{"line":126,"column":null}},"43":{"start":{"line":127,"column":6},"end":{"line":127,"column":null}},"44":{"start":{"line":128,"column":6},"end":{"line":128,"column":null}},"45":{"start":{"line":131,"column":4},"end":{"line":131,"column":null}},"46":{"start":{"line":134,"column":2},"end":{"line":134,"column":null}},"47":{"start":{"line":141,"column":2},"end":{"line":141,"column":null}},"48":{"start":{"line":143,"column":20},"end":{"line":143,"column":46}},"49":{"start":{"line":144,"column":2},"end":{"line":151,"column":null}},"50":{"start":{"line":146,"column":4},"end":{"line":146,"column":null}},"51":{"start":{"line":149,"column":4},"end":{"line":151,"column":null}},"52":{"start":{"line":150,"column":26},"end":{"line":150,"column":95}},"53":{"start":{"line":151,"column":6},"end":{"line":151,"column":null}},"54":{"start":{"line":155,"column":2},"end":{"line":155,"column":null}},"55":{"start":{"line":162,"column":2},"end":{"line":162,"column":null}},"56":{"start":{"line":165,"column":2},"end":{"line":168,"column":null}},"57":{"start":{"line":166,"column":4},"end":{"line":168,"column":null}},"58":{"start":{"line":179,"column":135},"end":{"line":179,"column":null}},"59":{"start":{"line":181,"column":14},"end":{"line":181,"column":null}},"60":{"start":{"line":185,"column":56},"end":{"line":185,"column":null}},"61":{"start":{"line":187,"column":2},"end":{"line":203,"column":null}},"62":{"start":{"line":189,"column":4},"end":{"line":189,"column":null}},"63":{"start":{"line":192,"column":4},"end":{"line":195,"column":null}},"64":{"start":{"line":193,"column":6},"end":{"line":193,"column":null}},"65":{"start":{"line":195,"column":6},"end":{"line":195,"column":null}},"66":{"start":{"line":195,"column":53},"end":{"line":195,"column":71}},"67":{"start":{"line":199,"column":4},"end":{"line":199,"column":null}},"68":{"start":{"line":199,"column":33},"end":{"line":199,"column":51}},"69":{"start":{"line":202,"column":4},"end":{"line":202,"column":null}},"70":{"start":{"line":203,"column":4},"end":{"line":203,"column":null}},"71":{"start":{"line":203,"column":33},"end":{"line":203,"column":51}},"72":{"start":{"line":206,"column":32},"end":{"line":206,"column":null}},"73":{"start":{"line":207,"column":21},"end":{"line":207,"column":null}},"74":{"start":{"line":210,"column":46},"end":{"line":210,"column":48}},"75":{"start":{"line":211,"column":2},"end":{"line":214,"column":null}},"76":{"start":{"line":212,"column":18},"end":{"line":212,"column":32}},"77":{"start":{"line":213,"column":4},"end":{"line":214,"column":null}},"78":{"start":{"line":214,"column":6},"end":{"line":214,"column":null}},"79":{"start":{"line":218,"column":2},"end":{"line":297,"column":null}},"80":{"start":{"line":218,"column":21},"end":{"line":218,"column":24}},"81":{"start":{"line":219,"column":4},"end":{"line":297,"column":null}},"82":{"start":{"line":220,"column":6},"end":{"line":220,"column":null}},"83":{"start":{"line":222,"column":23},"end":{"line":231,"column":8}},"84":{"start":{"line":233,"column":6},"end":{"line":233,"column":null}},"85":{"start":{"line":233,"column":21},"end":{"line":233,"column":null}},"86":{"start":{"line":236,"column":6},"end":{"line":250,"column":null}},"87":{"start":{"line":237,"column":26},"end":{"line":237,"column":52}},"88":{"start":{"line":238,"column":8},"end":{"line":243,"column":null}},"89":{"start":{"line":240,"column":27},"end":{"line":240,"column":41}},"90":{"start":{"line":241,"column":10},"end":{"line":243,"column":null}},"91":{"start":{"line":242,"column":12},"end":{"line":242,"column":null}},"92":{"start":{"line":243,"column":12},"end":{"line":243,"column":null}},"93":{"start":{"line":246,"column":8},"end":{"line":250,"column":null}},"94":{"start":{"line":254,"column":6},"end":{"line":261,"column":null}},"95":{"start":{"line":255,"column":8},"end":{"line":255,"column":null}},"96":{"start":{"line":256,"column":26},"end":{"line":256,"column":65}},"97":{"start":{"line":256,"column":61},"end":{"line":256,"column":63}},"98":{"start":{"line":257,"column":8},"end":{"line":261,"column":null}},"99":{"start":{"line":264,"column":6},"end":{"line":270,"column":null}},"100":{"start":{"line":265,"column":26},"end":{"line":265,"column":65}},"101":{"start":{"line":265,"column":61},"end":{"line":265,"column":63}},"102":{"start":{"line":266,"column":8},"end":{"line":270,"column":null}},"103":{"start":{"line":273,"column":19},"end":{"line":273,"column":40}},"104":{"start":{"line":275,"column":6},"end":{"line":279,"column":null}},"105":{"start":{"line":282,"column":6},"end":{"line":282,"column":null}},"106":{"start":{"line":285,"column":6},"end":{"line":286,"column":null}},"107":{"start":{"line":286,"column":8},"end":{"line":286,"column":null}},"108":{"start":{"line":290,"column":6},"end":{"line":291,"column":null}},"109":{"start":{"line":291,"column":8},"end":{"line":291,"column":null}},"110":{"start":{"line":295,"column":20},"end":{"line":295,"column":64}},"111":{"start":{"line":296,"column":6},"end":{"line":296,"column":null}},"112":{"start":{"line":297,"column":6},"end":{"line":297,"column":null}},"113":{"start":{"line":301,"column":2},"end":{"line":301,"column":null}},"114":{"start":{"line":301,"column":17},"end":{"line":301,"column":null}},"115":{"start":{"line":303,"column":29},"end":{"line":307,"column":null}},"116":{"start":{"line":309,"column":2},"end":{"line":309,"column":null}},"117":{"start":{"line":310,"column":2},"end":{"line":310,"column":null}},"118":{"start":{"line":322,"column":4},"end":{"line":322,"column":null}},"119":{"start":{"line":319,"column":20},"end":{"line":319,"column":null}},"120":{"start":{"line":320,"column":20},"end":{"line":320,"column":null}},"121":{"start":{"line":323,"column":4},"end":{"line":323,"column":null}},"122":{"start":{"line":330,"column":19},"end":{"line":345,"column":null}},"123":{"start":{"line":332,"column":4},"end":{"line":332,"column":54}},"124":{"start":{"line":335,"column":4},"end":{"line":335,"column":61}},"125":{"start":{"line":338,"column":4},"end":{"line":338,"column":60}},"126":{"start":{"line":341,"column":4},"end":{"line":341,"column":62}},"127":{"start":{"line":344,"column":4},"end":{"line":344,"column":null}},"128":{"start":{"line":355,"column":21},"end":{"line":355,"column":42}},"129":{"start":{"line":357,"column":18},"end":{"line":361,"column":4}},"130":{"start":{"line":363,"column":2},"end":{"line":367,"column":null}},"131":{"start":{"line":366,"column":33},"end":{"line":366,"column":null}},"132":{"start":{"line":374,"column":30},"end":{"line":389,"column":null}},"133":{"start":{"line":376,"column":4},"end":{"line":376,"column":65}},"134":{"start":{"line":379,"column":4},"end":{"line":379,"column":72}},"135":{"start":{"line":382,"column":4},"end":{"line":382,"column":71}},"136":{"start":{"line":385,"column":4},"end":{"line":385,"column":73}},"137":{"start":{"line":388,"column":4},"end":{"line":388,"column":null}},"138":{"start":{"line":395,"column":2},"end":{"line":395,"column":null}},"139":{"start":{"line":395,"column":32},"end":{"line":395,"column":55}}},"fnMap":{"0":{"name":"getAuthToken","decl":{"start":{"line":34,"column":9},"end":{"line":34,"column":39}},"loc":{"start":{"line":34,"column":39},"end":{"line":51,"column":null}},"line":34},"1":{"name":"(anonymous_1)","decl":{"start":{"line":44,"column":32},"end":{"line":44,"column":37}},"loc":{"start":{"line":44,"column":42},"end":{"line":44,"column":83}},"line":44},"2":{"name":"getRefreshToken","decl":{"start":{"line":57,"column":9},"end":{"line":57,"column":42}},"loc":{"start":{"line":57,"column":42},"end":{"line":65,"column":null}},"line":57},"3":{"name":"setAuthTokens","decl":{"start":{"line":71,"column":16},"end":{"line":71,"column":30}},"loc":{"start":{"line":71,"column":80},"end":{"line":80,"column":null}},"line":71},"4":{"name":"clearAuthTokens","decl":{"start":{"line":87,"column":16},"end":{"line":87,"column":40}},"loc":{"start":{"line":87,"column":40},"end":{"line":96,"column":null}},"line":87},"5":{"name":"refreshAccessToken","decl":{"start":{"line":104,"column":15},"end":{"line":104,"column":54}},"loc":{"start":{"line":104,"column":54},"end":{"line":134,"column":null}},"line":104},"6":{"name":"handleUnauthorized","decl":{"start":{"line":140,"column":15},"end":{"line":140,"column":54}},"loc":{"start":{"line":140,"column":54},"end":{"line":155,"column":null}},"line":140},"7":{"name":"handleForbidden","decl":{"start":{"line":161,"column":9},"end":{"line":161,"column":33}},"loc":{"start":{"line":161,"column":33},"end":{"line":168,"column":null}},"line":161},"8":{"name":"request","decl":{"start":{"line":175,"column":22},"end":{"line":175,"column":null}},"loc":{"start":{"line":178,"column":27},"end":{"line":310,"column":null}},"line":178},"9":{"name":"(anonymous_9)","decl":{"start":{"line":195,"column":38},"end":{"line":195,"column":53}},"loc":{"start":{"line":195,"column":53},"end":{"line":195,"column":71}},"line":195},"10":{"name":"(anonymous_10)","decl":{"start":{"line":199,"column":16},"end":{"line":199,"column":33}},"loc":{"start":{"line":199,"column":33},"end":{"line":199,"column":51}},"line":199},"11":{"name":"(anonymous_11)","decl":{"start":{"line":203,"column":16},"end":{"line":203,"column":33}},"loc":{"start":{"line":203,"column":33},"end":{"line":203,"column":51}},"line":203},"12":{"name":"(anonymous_12)","decl":{"start":{"line":256,"column":48},"end":{"line":256,"column":61}},"loc":{"start":{"line":256,"column":61},"end":{"line":256,"column":63}},"line":256},"13":{"name":"(anonymous_13)","decl":{"start":{"line":265,"column":48},"end":{"line":265,"column":61}},"loc":{"start":{"line":265,"column":61},"end":{"line":265,"column":63}},"line":265},"14":{"name":"(anonymous_14)","decl":{"start":{"line":317,"column":2},"end":{"line":317,"column":null}},"loc":{"start":{"line":321,"column":4},"end":{"line":323,"column":null}},"line":321},"15":{"name":"(anonymous_15)","decl":{"start":{"line":331,"column":2},"end":{"line":331,"column":11}},"loc":{"start":{"line":332,"column":4},"end":{"line":332,"column":54}},"line":332},"16":{"name":"(anonymous_16)","decl":{"start":{"line":334,"column":2},"end":{"line":334,"column":12}},"loc":{"start":{"line":335,"column":4},"end":{"line":335,"column":61}},"line":335},"17":{"name":"(anonymous_17)","decl":{"start":{"line":337,"column":2},"end":{"line":337,"column":11}},"loc":{"start":{"line":338,"column":4},"end":{"line":338,"column":60}},"line":338},"18":{"name":"(anonymous_18)","decl":{"start":{"line":340,"column":2},"end":{"line":340,"column":13}},"loc":{"start":{"line":341,"column":4},"end":{"line":341,"column":62}},"line":341},"19":{"name":"(anonymous_19)","decl":{"start":{"line":343,"column":2},"end":{"line":343,"column":14}},"loc":{"start":{"line":344,"column":4},"end":{"line":344,"column":null}},"line":344},"20":{"name":"requestCancellable","decl":{"start":{"line":351,"column":16},"end":{"line":351,"column":null}},"loc":{"start":{"line":354,"column":25},"end":{"line":367,"column":null}},"line":354},"21":{"name":"(anonymous_21)","decl":{"start":{"line":366,"column":4},"end":{"line":366,"column":13}},"loc":{"start":{"line":366,"column":33},"end":{"line":366,"column":null}},"line":366},"22":{"name":"(anonymous_22)","decl":{"start":{"line":375,"column":2},"end":{"line":375,"column":11}},"loc":{"start":{"line":376,"column":4},"end":{"line":376,"column":65}},"line":376},"23":{"name":"(anonymous_23)","decl":{"start":{"line":378,"column":2},"end":{"line":378,"column":12}},"loc":{"start":{"line":379,"column":4},"end":{"line":379,"column":72}},"line":379},"24":{"name":"(anonymous_24)","decl":{"start":{"line":381,"column":2},"end":{"line":381,"column":11}},"loc":{"start":{"line":382,"column":4},"end":{"line":382,"column":71}},"line":382},"25":{"name":"(anonymous_25)","decl":{"start":{"line":384,"column":2},"end":{"line":384,"column":13}},"loc":{"start":{"line":385,"column":4},"end":{"line":385,"column":73}},"line":385},"26":{"name":"(anonymous_26)","decl":{"start":{"line":387,"column":2},"end":{"line":387,"column":14}},"loc":{"start":{"line":388,"column":4},"end":{"line":388,"column":null}},"line":388},"27":{"name":"sleep","decl":{"start":{"line":394,"column":9},"end":{"line":394,"column":15}},"loc":{"start":{"line":394,"column":42},"end":{"line":395,"column":null}},"line":394},"28":{"name":"(anonymous_28)","decl":{"start":{"line":395,"column":13},"end":{"line":395,"column":21}},"loc":{"start":{"line":395,"column":32},"end":{"line":395,"column":55}},"line":395}},"branchMap":{"0":{"loc":{"start":{"line":37,"column":4},"end":{"line":39,"column":null}},"type":"if","locations":[{"start":{"line":37,"column":4},"end":{"line":39,"column":null}},{"start":{},"end":{}}],"line":37},"1":{"loc":{"start":{"line":37,"column":8},"end":{"line":37,"column":62}},"type":"binary-expr","locations":[{"start":{"line":37,"column":8},"end":{"line":37,"column":41}},{"start":{"line":37,"column":41},"end":{"line":37,"column":62}}],"line":37},"2":{"loc":{"start":{"line":39,"column":6},"end":{"line":39,"column":null}},"type":"if","locations":[{"start":{"line":39,"column":6},"end":{"line":39,"column":null}},{"start":{},"end":{}}],"line":39},"3":{"loc":{"start":{"line":45,"column":4},"end":{"line":46,"column":null}},"type":"if","locations":[{"start":{"line":45,"column":4},"end":{"line":46,"column":null}},{"start":{},"end":{}}],"line":45},"4":{"loc":{"start":{"line":59,"column":4},"end":{"line":60,"column":null}},"type":"if","locations":[{"start":{"line":59,"column":4},"end":{"line":60,"column":null}},{"start":{},"end":{}}],"line":59},"5":{"loc":{"start":{"line":59,"column":8},"end":{"line":59,"column":62}},"type":"binary-expr","locations":[{"start":{"line":59,"column":8},"end":{"line":59,"column":41}},{"start":{"line":59,"column":41},"end":{"line":59,"column":62}}],"line":59},"6":{"loc":{"start":{"line":73,"column":4},"end":{"line":76,"column":null}},"type":"if","locations":[{"start":{"line":73,"column":4},"end":{"line":76,"column":null}},{"start":{},"end":{}}],"line":73},"7":{"loc":{"start":{"line":73,"column":8},"end":{"line":73,"column":62}},"type":"binary-expr","locations":[{"start":{"line":73,"column":8},"end":{"line":73,"column":41}},{"start":{"line":73,"column":41},"end":{"line":73,"column":62}}],"line":73},"8":{"loc":{"start":{"line":75,"column":6},"end":{"line":76,"column":null}},"type":"if","locations":[{"start":{"line":75,"column":6},"end":{"line":76,"column":null}},{"start":{},"end":{}}],"line":75},"9":{"loc":{"start":{"line":89,"column":4},"end":{"line":91,"column":null}},"type":"if","locations":[{"start":{"line":89,"column":4},"end":{"line":91,"column":null}},{"start":{},"end":{}}],"line":89},"10":{"loc":{"start":{"line":89,"column":8},"end":{"line":89,"column":62}},"type":"binary-expr","locations":[{"start":{"line":89,"column":8},"end":{"line":89,"column":41}},{"start":{"line":89,"column":41},"end":{"line":89,"column":62}}],"line":89},"11":{"loc":{"start":{"line":106,"column":2},"end":{"line":108,"column":null}},"type":"if","locations":[{"start":{"line":106,"column":2},"end":{"line":108,"column":null}},{"start":{},"end":{}}],"line":106},"12":{"loc":{"start":{"line":120,"column":4},"end":{"line":121,"column":null}},"type":"if","locations":[{"start":{"line":120,"column":4},"end":{"line":121,"column":null}},{"start":{},"end":{}}],"line":120},"13":{"loc":{"start":{"line":125,"column":4},"end":{"line":128,"column":null}},"type":"if","locations":[{"start":{"line":125,"column":4},"end":{"line":128,"column":null}},{"start":{},"end":{}}],"line":125},"14":{"loc":{"start":{"line":126,"column":38},"end":{"line":126,"column":72}},"type":"binary-expr","locations":[{"start":{"line":126,"column":38},"end":{"line":126,"column":59}},{"start":{"line":126,"column":59},"end":{"line":126,"column":72}}],"line":126},"15":{"loc":{"start":{"line":144,"column":2},"end":{"line":151,"column":null}},"type":"if","locations":[{"start":{"line":144,"column":2},"end":{"line":151,"column":null}},{"start":{},"end":{}}],"line":144},"16":{"loc":{"start":{"line":149,"column":4},"end":{"line":151,"column":null}},"type":"if","locations":[{"start":{"line":149,"column":4},"end":{"line":151,"column":null}},{"start":{},"end":{}}],"line":149},"17":{"loc":{"start":{"line":165,"column":2},"end":{"line":168,"column":null}},"type":"if","locations":[{"start":{"line":165,"column":2},"end":{"line":168,"column":null}},{"start":{},"end":{}}],"line":165},"18":{"loc":{"start":{"line":177,"column":2},"end":{"line":177,"column":31}},"type":"default-arg","locations":[{"start":{"line":177,"column":29},"end":{"line":177,"column":31}}],"line":177},"19":{"loc":{"start":{"line":179,"column":10},"end":{"line":179,"column":26}},"type":"default-arg","locations":[{"start":{"line":179,"column":19},"end":{"line":179,"column":26}}],"line":179},"20":{"loc":{"start":{"line":179,"column":26},"end":{"line":179,"column":38}},"type":"default-arg","locations":[{"start":{"line":179,"column":36},"end":{"line":179,"column":38}}],"line":179},"21":{"loc":{"start":{"line":179,"column":46},"end":{"line":179,"column":76}},"type":"default-arg","locations":[{"start":{"line":179,"column":56},"end":{"line":179,"column":76}}],"line":179},"22":{"loc":{"start":{"line":179,"column":76},"end":{"line":179,"column":90}},"type":"default-arg","locations":[{"start":{"line":179,"column":84},"end":{"line":179,"column":90}}],"line":179},"23":{"loc":{"start":{"line":179,"column":90},"end":{"line":179,"column":108}},"type":"default-arg","locations":[{"start":{"line":179,"column":101},"end":{"line":179,"column":108}}],"line":179},"24":{"loc":{"start":{"line":181,"column":14},"end":{"line":181,"column":null}},"type":"cond-expr","locations":[{"start":{"line":181,"column":44},"end":{"line":181,"column":55}},{"start":{"line":181,"column":55},"end":{"line":181,"column":null}}],"line":181},"25":{"loc":{"start":{"line":187,"column":2},"end":{"line":203,"column":null}},"type":"if","locations":[{"start":{"line":187,"column":2},"end":{"line":203,"column":null}},{"start":{"line":200,"column":9},"end":{"line":203,"column":null}}],"line":187},"26":{"loc":{"start":{"line":192,"column":4},"end":{"line":195,"column":null}},"type":"if","locations":[{"start":{"line":192,"column":4},"end":{"line":195,"column":null}},{"start":{"line":194,"column":11},"end":{"line":195,"column":null}}],"line":192},"27":{"loc":{"start":{"line":207,"column":21},"end":{"line":207,"column":null}},"type":"cond-expr","locations":[{"start":{"line":207,"column":29},"end":{"line":207,"column":56}},{"start":{"line":207,"column":56},"end":{"line":207,"column":null}}],"line":207},"28":{"loc":{"start":{"line":211,"column":2},"end":{"line":214,"column":null}},"type":"if","locations":[{"start":{"line":211,"column":2},"end":{"line":214,"column":null}},{"start":{},"end":{}}],"line":211},"29":{"loc":{"start":{"line":213,"column":4},"end":{"line":214,"column":null}},"type":"if","locations":[{"start":{"line":213,"column":4},"end":{"line":214,"column":null}},{"start":{},"end":{}}],"line":213},"30":{"loc":{"start":{"line":229,"column":14},"end":{"line":229,"column":null}},"type":"cond-expr","locations":[{"start":{"line":229,"column":21},"end":{"line":229,"column":41}},{"start":{"line":229,"column":44},"end":{"line":229,"column":null}}],"line":229},"31":{"loc":{"start":{"line":233,"column":6},"end":{"line":233,"column":null}},"type":"if","locations":[{"start":{"line":233,"column":6},"end":{"line":233,"column":null}},{"start":{},"end":{}}],"line":233},"32":{"loc":{"start":{"line":236,"column":6},"end":{"line":250,"column":null}},"type":"if","locations":[{"start":{"line":236,"column":6},"end":{"line":250,"column":null}},{"start":{},"end":{}}],"line":236},"33":{"loc":{"start":{"line":236,"column":10},"end":{"line":236,"column":48}},"type":"binary-expr","locations":[{"start":{"line":236,"column":10},"end":{"line":236,"column":37}},{"start":{"line":236,"column":37},"end":{"line":236,"column":48}}],"line":236},"34":{"loc":{"start":{"line":238,"column":8},"end":{"line":243,"column":null}},"type":"if","locations":[{"start":{"line":238,"column":8},"end":{"line":243,"column":null}},{"start":{},"end":{}}],"line":238},"35":{"loc":{"start":{"line":238,"column":12},"end":{"line":238,"column":47}},"type":"binary-expr","locations":[{"start":{"line":238,"column":12},"end":{"line":238,"column":25}},{"start":{"line":238,"column":25},"end":{"line":238,"column":47}}],"line":238},"36":{"loc":{"start":{"line":241,"column":10},"end":{"line":243,"column":null}},"type":"if","locations":[{"start":{"line":241,"column":10},"end":{"line":243,"column":null}},{"start":{},"end":{}}],"line":241},"37":{"loc":{"start":{"line":254,"column":6},"end":{"line":261,"column":null}},"type":"if","locations":[{"start":{"line":254,"column":6},"end":{"line":261,"column":null}},{"start":{},"end":{}}],"line":254},"38":{"loc":{"start":{"line":258,"column":10},"end":{"line":258,"column":null}},"type":"binary-expr","locations":[{"start":{"line":258,"column":10},"end":{"line":258,"column":31}},{"start":{"line":258,"column":31},"end":{"line":258,"column":null}}],"line":258},"39":{"loc":{"start":{"line":264,"column":6},"end":{"line":270,"column":null}},"type":"if","locations":[{"start":{"line":264,"column":6},"end":{"line":270,"column":null}},{"start":{},"end":{}}],"line":264},"40":{"loc":{"start":{"line":267,"column":10},"end":{"line":267,"column":null}},"type":"binary-expr","locations":[{"start":{"line":267,"column":10},"end":{"line":267,"column":31}},{"start":{"line":267,"column":31},"end":{"line":267,"column":null}}],"line":267},"41":{"loc":{"start":{"line":268,"column":10},"end":{"line":268,"column":null}},"type":"binary-expr","locations":[{"start":{"line":268,"column":10},"end":{"line":268,"column":28}},{"start":{"line":268,"column":28},"end":{"line":268,"column":null}}],"line":268},"42":{"loc":{"start":{"line":282,"column":18},"end":{"line":282,"column":75}},"type":"cond-expr","locations":[{"start":{"line":282,"column":43},"end":{"line":282,"column":51}},{"start":{"line":282,"column":51},"end":{"line":282,"column":75}}],"line":282},"43":{"loc":{"start":{"line":285,"column":6},"end":{"line":286,"column":null}},"type":"if","locations":[{"start":{"line":285,"column":6},"end":{"line":286,"column":null}},{"start":{},"end":{}}],"line":285},"44":{"loc":{"start":{"line":285,"column":10},"end":{"line":285,"column":89}},"type":"binary-expr","locations":[{"start":{"line":285,"column":10},"end":{"line":285,"column":46}},{"start":{"line":285,"column":46},"end":{"line":285,"column":69}},{"start":{"line":285,"column":69},"end":{"line":285,"column":89}}],"line":285},"45":{"loc":{"start":{"line":290,"column":6},"end":{"line":291,"column":null}},"type":"if","locations":[{"start":{"line":290,"column":6},"end":{"line":291,"column":null}},{"start":{},"end":{}}],"line":290},"46":{"loc":{"start":{"line":301,"column":2},"end":{"line":301,"column":null}},"type":"if","locations":[{"start":{"line":301,"column":2},"end":{"line":301,"column":null}},{"start":{},"end":{}}],"line":301},"47":{"loc":{"start":{"line":304,"column":13},"end":{"line":304,"column":null}},"type":"binary-expr","locations":[{"start":{"line":304,"column":13},"end":{"line":304,"column":35}},{"start":{"line":304,"column":35},"end":{"line":304,"column":null}}],"line":304},"48":{"loc":{"start":{"line":353,"column":2},"end":{"line":353,"column":31}},"type":"default-arg","locations":[{"start":{"line":353,"column":29},"end":{"line":353,"column":31}}],"line":353},"49":{"loc":{"start":{"line":360,"column":12},"end":{"line":360,"column":null}},"type":"binary-expr","locations":[{"start":{"line":360,"column":12},"end":{"line":360,"column":29}},{"start":{"line":360,"column":29},"end":{"line":360,"column":null}}],"line":360}},"s":{"0":4,"1":4,"2":4,"3":29,"4":29,"5":29,"6":29,"7":0,"8":29,"9":29,"10":29,"11":29,"12":0,"13":0,"14":29,"15":0,"16":0,"17":0,"18":0,"19":0,"20":0,"21":0,"22":0,"23":0,"24":0,"25":0,"26":0,"27":0,"28":0,"29":0,"30":0,"31":0,"32":0,"33":0,"34":0,"35":0,"36":0,"37":0,"38":0,"39":0,"40":0,"41":0,"42":0,"43":0,"44":0,"45":0,"46":0,"47":0,"48":0,"49":0,"50":0,"51":0,"52":0,"53":0,"54":0,"55":0,"56":0,"57":0,"58":33,"59":33,"60":33,"61":33,"62":0,"63":0,"64":0,"65":0,"66":0,"67":0,"68":0,"69":33,"70":33,"71":1,"72":33,"73":33,"74":33,"75":33,"76":29,"77":29,"78":0,"79":33,"80":33,"81":38,"82":38,"83":38,"84":31,"85":31,"86":31,"87":0,"88":0,"89":0,"90":0,"91":0,"92":0,"93":0,"94":31,"95":0,"96":0,"97":0,"98":0,"99":31,"100":5,"101":0,"102":5,"103":26,"104":26,"105":12,"106":12,"107":4,"108":8,"109":3,"110":5,"111":5,"112":5,"113":12,"114":12,"115":7,"116":33,"117":33,"118":7,"119":7,"120":7,"121":7,"122":4,"123":10,"124":4,"125":1,"126":1,"127":1,"128":0,"129":0,"130":0,"131":0,"132":4,"133":0,"134":0,"135":0,"136":0,"137":0,"138":5,"139":5},"f":{"0":29,"1":29,"2":0,"3":0,"4":0,"5":0,"6":0,"7":0,"8":33,"9":0,"10":0,"11":1,"12":0,"13":0,"14":7,"15":10,"16":4,"17":1,"18":1,"19":1,"20":0,"21":0,"22":0,"23":0,"24":0,"25":0,"26":0,"27":5,"28":5},"b":{"0":[29,0],"1":[29,29],"2":[0,29],"3":[0,29],"4":[0,0],"5":[0,0],"6":[0,0],"7":[0,0],"8":[0,0],"9":[0,0],"10":[0,0],"11":[0,0],"12":[0,0],"13":[0,0],"14":[0,0],"15":[0,0],"16":[0,0],"17":[0,0],"18":[33],"19":[33],"20":[33],"21":[33],"22":[33],"23":[33],"24":[1,32],"25":[0,33],"26":[0,0],"27":[30,3],"28":[29,4],"29":[0,29],"30":[10,28],"31":[31,0],"32":[0,31],"33":[31,0],"34":[0,0],"35":[0,0],"36":[0,0],"37":[0,31],"38":[0,0],"39":[5,26],"40":[5,0],"41":[5,2],"42":[12,0],"43":[4,8],"44":[12,5,5],"45":[3,5],"46":[7,5],"47":[7,0],"48":[0],"49":[0,0]},"meta":{"lastBranch":50,"lastFunction":29,"lastStatement":140,"seen":{"s:12:18:12:37":0,"s:27:23:27:Infinity":1,"s:28:26:28:Infinity":2,"f:34:9:34:39":0,"s:35:2:49:Infinity":3,"b:37:4:39:Infinity:undefined:undefined:undefined:undefined":0,"s:37:4:39:Infinity":4,"b:37:8:37:41:37:41:37:62":1,"s:38:20:38:56":5,"b:39:6:39:Infinity:undefined:undefined:undefined:undefined":2,"s:39:6:39:Infinity":6,"s:39:17:39:Infinity":7,"s:43:20:43:46":8,"s:44:24:44:84":9,"f:44:32:44:37":1,"s:44:42:44:83":10,"b:45:4:46:Infinity:undefined:undefined:undefined:undefined":3,"s:45:4:46:Infinity":11,"s:46:6:46:Infinity":12,"s:49:4:49:Infinity":13,"s:51:2:51:Infinity":14,"f:57:9:57:42":2,"s:58:2:63:Infinity":15,"b:59:4:60:Infinity:undefined:undefined:undefined:undefined":4,"s:59:4:60:Infinity":16,"b:59:8:59:41:59:41:59:62":5,"s:60:6:60:Infinity":17,"s:63:4:63:Infinity":18,"s:65:2:65:Infinity":19,"f:71:16:71:30":3,"s:72:2:80:Infinity":20,"b:73:4:76:Infinity:undefined:undefined:undefined:undefined":6,"s:73:4:76:Infinity":21,"b:73:8:73:41:73:41:73:62":7,"s:74:6:74:Infinity":22,"b:75:6:76:Infinity:undefined:undefined:undefined:undefined":8,"s:75:6:76:Infinity":23,"s:76:8:76:Infinity":24,"s:80:4:80:Infinity":25,"f:87:16:87:40":4,"s:88:2:96:Infinity":26,"b:89:4:91:Infinity:undefined:undefined:undefined:undefined":9,"s:89:4:91:Infinity":27,"b:89:8:89:41:89:41:89:62":10,"s:90:6:90:Infinity":28,"s:91:6:91:Infinity":29,"s:94:4:94:Infinity":30,"s:96:4:96:Infinity":31,"f:104:15:104:54":5,"s:105:23:105:40":32,"b:106:2:108:Infinity:undefined:undefined:undefined:undefined":11,"s:106:2:108:Infinity":33,"s:107:4:107:Infinity":34,"s:108:4:108:Infinity":35,"s:111:2:131:Infinity":36,"s:112:21:118:6":37,"b:120:4:121:Infinity:undefined:undefined:undefined:undefined":12,"s:120:4:121:Infinity":38,"s:121:6:121:Infinity":39,"s:124:17:124:38":40,"b:125:4:128:Infinity:undefined:undefined:undefined:undefined":13,"s:125:4:128:Infinity":41,"s:126:6:126:Infinity":42,"b:126:38:126:59:126:59:126:72":14,"s:127:6:127:Infinity":43,"s:128:6:128:Infinity":44,"s:131:4:131:Infinity":45,"s:134:2:134:Infinity":46,"f:140:15:140:54":6,"s:141:2:141:Infinity":47,"s:143:20:143:46":48,"b:144:2:151:Infinity:undefined:undefined:undefined:undefined":15,"s:144:2:151:Infinity":49,"s:146:4:146:Infinity":50,"b:149:4:151:Infinity:undefined:undefined:undefined:undefined":16,"s:149:4:151:Infinity":51,"s:150:26:150:95":52,"s:151:6:151:Infinity":53,"s:155:2:155:Infinity":54,"f:161:9:161:33":7,"s:162:2:162:Infinity":55,"b:165:2:168:Infinity:undefined:undefined:undefined:undefined":17,"s:165:2:168:Infinity":56,"s:166:4:168:Infinity":57,"f:175:22:175:Infinity":8,"b:177:29:177:31":18,"s:179:135:179:Infinity":58,"b:179:19:179:26":19,"b:179:36:179:38":20,"b:179:56:179:76":21,"b:179:84:179:90":22,"b:179:101:179:108":23,"s:181:14:181:Infinity":59,"b:181:44:181:55:181:55:181:Infinity":24,"s:185:56:185:Infinity":60,"b:187:2:203:Infinity:200:9:203:Infinity":25,"s:187:2:203:Infinity":61,"s:189:4:189:Infinity":62,"b:192:4:195:Infinity:194:11:195:Infinity":26,"s:192:4:195:Infinity":63,"s:193:6:193:Infinity":64,"s:195:6:195:Infinity":65,"f:195:38:195:53":9,"s:195:53:195:71":66,"s:199:4:199:Infinity":67,"f:199:16:199:33":10,"s:199:33:199:51":68,"s:202:4:202:Infinity":69,"s:203:4:203:Infinity":70,"f:203:16:203:33":11,"s:203:33:203:51":71,"s:206:32:206:Infinity":72,"s:207:21:207:Infinity":73,"b:207:29:207:56:207:56:207:Infinity":27,"s:210:46:210:48":74,"b:211:2:214:Infinity:undefined:undefined:undefined:undefined":28,"s:211:2:214:Infinity":75,"s:212:18:212:32":76,"b:213:4:214:Infinity:undefined:undefined:undefined:undefined":29,"s:213:4:214:Infinity":77,"s:214:6:214:Infinity":78,"s:218:2:297:Infinity":79,"s:218:21:218:24":80,"s:219:4:297:Infinity":81,"s:220:6:220:Infinity":82,"s:222:23:231:8":83,"b:229:21:229:41:229:44:229:Infinity":30,"b:233:6:233:Infinity:undefined:undefined:undefined:undefined":31,"s:233:6:233:Infinity":84,"s:233:21:233:Infinity":85,"b:236:6:250:Infinity:undefined:undefined:undefined:undefined":32,"s:236:6:250:Infinity":86,"b:236:10:236:37:236:37:236:48":33,"s:237:26:237:52":87,"b:238:8:243:Infinity:undefined:undefined:undefined:undefined":34,"s:238:8:243:Infinity":88,"b:238:12:238:25:238:25:238:47":35,"s:240:27:240:41":89,"b:241:10:243:Infinity:undefined:undefined:undefined:undefined":36,"s:241:10:243:Infinity":90,"s:242:12:242:Infinity":91,"s:243:12:243:Infinity":92,"s:246:8:250:Infinity":93,"b:254:6:261:Infinity:undefined:undefined:undefined:undefined":37,"s:254:6:261:Infinity":94,"s:255:8:255:Infinity":95,"s:256:26:256:65":96,"f:256:48:256:61":12,"s:256:61:256:63":97,"s:257:8:261:Infinity":98,"b:258:10:258:31:258:31:258:Infinity":38,"b:264:6:270:Infinity:undefined:undefined:undefined:undefined":39,"s:264:6:270:Infinity":99,"s:265:26:265:65":100,"f:265:48:265:61":13,"s:265:61:265:63":101,"s:266:8:270:Infinity":102,"b:267:10:267:31:267:31:267:Infinity":40,"b:268:10:268:28:268:28:268:Infinity":41,"s:273:19:273:40":103,"s:275:6:279:Infinity":104,"s:282:6:282:Infinity":105,"b:282:43:282:51:282:51:282:75":42,"b:285:6:286:Infinity:undefined:undefined:undefined:undefined":43,"s:285:6:286:Infinity":106,"b:285:10:285:46:285:46:285:69:285:69:285:89":44,"s:286:8:286:Infinity":107,"b:290:6:291:Infinity:undefined:undefined:undefined:undefined":45,"s:290:6:291:Infinity":108,"s:291:8:291:Infinity":109,"s:295:20:295:64":110,"s:296:6:296:Infinity":111,"s:297:6:297:Infinity":112,"b:301:2:301:Infinity:undefined:undefined:undefined:undefined":46,"s:301:2:301:Infinity":113,"s:301:17:301:Infinity":114,"s:303:29:307:Infinity":115,"b:304:13:304:35:304:35:304:Infinity":47,"s:309:2:309:Infinity":116,"s:310:2:310:Infinity":117,"f:317:2:317:Infinity":14,"s:322:4:322:Infinity":118,"s:319:20:319:Infinity":119,"s:320:20:320:Infinity":120,"s:323:4:323:Infinity":121,"s:330:19:345:Infinity":122,"f:331:2:331:11":15,"s:332:4:332:54":123,"f:334:2:334:12":16,"s:335:4:335:61":124,"f:337:2:337:11":17,"s:338:4:338:60":125,"f:340:2:340:13":18,"s:341:4:341:62":126,"f:343:2:343:14":19,"s:344:4:344:Infinity":127,"f:351:16:351:Infinity":20,"b:353:29:353:31":48,"s:355:21:355:42":128,"s:357:18:361:4":129,"b:360:12:360:29:360:29:360:Infinity":49,"s:363:2:367:Infinity":130,"f:366:4:366:13":21,"s:366:33:366:Infinity":131,"s:374:30:389:Infinity":132,"f:375:2:375:11":22,"s:376:4:376:65":133,"f:378:2:378:12":23,"s:379:4:379:72":134,"f:381:2:381:11":24,"s:382:4:382:71":135,"f:384:2:384:13":25,"s:385:4:385:73":136,"f:387:2:387:14":26,"s:388:4:388:Infinity":137,"f:394:9:394:15":27,"s:395:2:395:Infinity":138,"f:395:13:395:21":28,"s:395:32:395:55":139}}}
,"C:\\Users\\jacke\\Documents\\GitHub\\eSports-EXE\\apps\\website-v2\\src\\api\\health.ts": {"path":"C:\\Users\\jacke\\Documents\\GitHub\\eSports-EXE\\apps\\website-v2\\src\\api\\health.ts","statementMap":{"0":{"start":{"line":60,"column":47},"end":{"line":60,"column":null}},"1":{"start":{"line":61,"column":22},"end":{"line":61,"column":null}},"2":{"start":{"line":62,"column":25},"end":{"line":62,"column":null}},"3":{"start":{"line":68,"column":14},"end":{"line":68,"column":24}},"4":{"start":{"line":71,"column":2},"end":{"line":72,"column":null}},"5":{"start":{"line":72,"column":4},"end":{"line":72,"column":null}},"6":{"start":{"line":76,"column":45},"end":{"line":80,"column":4}},"7":{"start":{"line":83,"column":18},"end":{"line":83,"column":49}},"8":{"start":{"line":84,"column":64},"end":{"line":84,"column":66}},"9":{"start":{"line":86,"column":2},"end":{"line":87,"column":null}},"10":{"start":{"line":87,"column":4},"end":{"line":87,"column":null}},"11":{"start":{"line":91,"column":29},"end":{"line":91,"column":null}},"12":{"start":{"line":92,"column":2},"end":{"line":95,"column":null}},"13":{"start":{"line":93,"column":4},"end":{"line":93,"column":null}},"14":{"start":{"line":94,"column":13},"end":{"line":95,"column":null}},"15":{"start":{"line":95,"column":4},"end":{"line":95,"column":null}},"16":{"start":{"line":99,"column":38},"end":{"line":115,"column":null}},"17":{"start":{"line":118,"column":2},"end":{"line":118,"column":null}},"18":{"start":{"line":119,"column":2},"end":{"line":119,"column":null}},"19":{"start":{"line":121,"column":2},"end":{"line":121,"column":null}},"20":{"start":{"line":129,"column":2},"end":{"line":133,"column":null}},"21":{"start":{"line":130,"column":4},"end":{"line":133,"column":null}},"22":{"start":{"line":137,"column":2},"end":{"line":140,"column":null}},"23":{"start":{"line":146,"column":21},"end":{"line":146,"column":47}},"24":{"start":{"line":147,"column":23},"end":{"line":147,"column":null}},"25":{"start":{"line":149,"column":2},"end":{"line":150,"column":null}},"26":{"start":{"line":150,"column":4},"end":{"line":150,"column":null}},"27":{"start":{"line":154,"column":21},"end":{"line":154,"column":null}},"28":{"start":{"line":156,"column":2},"end":{"line":161,"column":null}},"29":{"start":{"line":165,"column":20},"end":{"line":165,"column":37}},"30":{"start":{"line":167,"column":2},"end":{"line":185,"column":null}},"31":{"start":{"line":169,"column":21},"end":{"line":172,"column":6}},"32":{"start":{"line":174,"column":20},"end":{"line":174,"column":null}},"33":{"start":{"line":176,"column":4},"end":{"line":180,"column":null}},"34":{"start":{"line":182,"column":4},"end":{"line":185,"column":null}},"35":{"start":{"line":190,"column":21},"end":{"line":190,"column":47}},"36":{"start":{"line":191,"column":16},"end":{"line":191,"column":42}},"37":{"start":{"line":193,"column":38},"end":{"line":193,"column":null}},"38":{"start":{"line":194,"column":2},"end":{"line":197,"column":null}},"39":{"start":{"line":195,"column":4},"end":{"line":195,"column":null}},"40":{"start":{"line":196,"column":13},"end":{"line":197,"column":null}},"41":{"start":{"line":197,"column":4},"end":{"line":197,"column":null}},"42":{"start":{"line":200,"column":2},"end":{"line":205,"column":null}},"43":{"start":{"line":209,"column":2},"end":{"line":210,"column":null}},"44":{"start":{"line":210,"column":4},"end":{"line":210,"column":null}},"45":{"start":{"line":212,"column":2},"end":{"line":212,"column":null}},"46":{"start":{"line":217,"column":17},"end":{"line":217,"column":72}},"47":{"start":{"line":218,"column":20},"end":{"line":218,"column":50}},"48":{"start":{"line":219,"column":16},"end":{"line":219,"column":56}},"49":{"start":{"line":221,"column":2},"end":{"line":253,"column":null}},"50":{"start":{"line":222,"column":18},"end":{"line":222,"column":null}},"51":{"start":{"line":225,"column":24},"end":{"line":238,"column":null}},"52":{"start":{"line":226,"column":6},"end":{"line":238,"column":null}},"53":{"start":{"line":227,"column":23},"end":{"line":227,"column":46}},"54":{"start":{"line":228,"column":8},"end":{"line":230,"column":null}},"55":{"start":{"line":229,"column":10},"end":{"line":229,"column":null}},"56":{"start":{"line":230,"column":10},"end":{"line":230,"column":null}},"57":{"start":{"line":233,"column":8},"end":{"line":234,"column":null}},"58":{"start":{"line":234,"column":10},"end":{"line":234,"column":null}},"59":{"start":{"line":237,"column":8},"end":{"line":238,"column":null}},"60":{"start":{"line":238,"column":10},"end":{"line":238,"column":null}},"61":{"start":{"line":244,"column":4},"end":{"line":244,"column":null}},"62":{"start":{"line":247,"column":4},"end":{"line":247,"column":null}},"63":{"start":{"line":249,"column":4},"end":{"line":251,"column":null}},"64":{"start":{"line":250,"column":6},"end":{"line":250,"column":null}},"65":{"start":{"line":251,"column":6},"end":{"line":251,"column":null}},"66":{"start":{"line":255,"column":2},"end":{"line":255,"column":null}},"67":{"start":{"line":255,"column":52},"end":{"line":255,"column":71}}},"fnMap":{"0":{"name":"getHealthStatus","decl":{"start":{"line":67,"column":22},"end":{"line":67,"column":70}},"loc":{"start":{"line":67,"column":70},"end":{"line":121,"column":null}},"line":67},"1":{"name":"getQuickHealth","decl":{"start":{"line":127,"column":16},"end":{"line":127,"column":78}},"loc":{"start":{"line":127,"column":78},"end":{"line":140,"column":null}},"line":127},"2":{"name":"checkMLModelHealth","decl":{"start":{"line":144,"column":15},"end":{"line":144,"column":60}},"loc":{"start":{"line":144,"column":60},"end":{"line":161,"column":null}},"line":144},"3":{"name":"checkAPIHealth","decl":{"start":{"line":164,"column":15},"end":{"line":164,"column":52}},"loc":{"start":{"line":164,"column":52},"end":{"line":185,"column":null}},"line":164},"4":{"name":"checkCacheHealth","decl":{"start":{"line":189,"column":9},"end":{"line":189,"column":41}},"loc":{"start":{"line":189,"column":41},"end":{"line":205,"column":null}},"line":189},"5":{"name":"getUptime","decl":{"start":{"line":208,"column":9},"end":{"line":208,"column":29}},"loc":{"start":{"line":208,"column":29},"end":{"line":212,"column":null}},"line":208},"6":{"name":"useHealthCheck","decl":{"start":{"line":216,"column":16},"end":{"line":216,"column":31}},"loc":{"start":{"line":216,"column":53},"end":{"line":255,"column":null}},"line":216},"7":{"name":"(anonymous_7)","decl":{"start":{"line":221,"column":2},"end":{"line":221,"column":18}},"loc":{"start":{"line":221,"column":18},"end":{"line":253,"column":6}},"line":221},"8":{"name":"(anonymous_8)","decl":{"start":{"line":225,"column":24},"end":{"line":225,"column":36}},"loc":{"start":{"line":225,"column":36},"end":{"line":238,"column":null}},"line":225},"9":{"name":"(anonymous_9)","decl":{"start":{"line":249,"column":4},"end":{"line":249,"column":17}},"loc":{"start":{"line":249,"column":17},"end":{"line":251,"column":null}},"line":249},"10":{"name":"(anonymous_10)","decl":{"start":{"line":255,"column":37},"end":{"line":255,"column":52}},"loc":{"start":{"line":255,"column":52},"end":{"line":255,"column":71}},"line":255}},"branchMap":{"0":{"loc":{"start":{"line":71,"column":2},"end":{"line":72,"column":null}},"type":"if","locations":[{"start":{"line":71,"column":2},"end":{"line":72,"column":null}},{"start":{},"end":{}}],"line":71},"1":{"loc":{"start":{"line":71,"column":6},"end":{"line":71,"column":66}},"type":"binary-expr","locations":[{"start":{"line":71,"column":6},"end":{"line":71,"column":23}},{"start":{"line":71,"column":23},"end":{"line":71,"column":66}}],"line":71},"2":{"loc":{"start":{"line":92,"column":2},"end":{"line":95,"column":null}},"type":"if","locations":[{"start":{"line":92,"column":2},"end":{"line":95,"column":null}},{"start":{"line":94,"column":13},"end":{"line":95,"column":null}}],"line":92},"3":{"loc":{"start":{"line":92,"column":6},"end":{"line":92,"column":74}},"type":"binary-expr","locations":[{"start":{"line":92,"column":6},"end":{"line":92,"column":45}},{"start":{"line":92,"column":45},"end":{"line":92,"column":74}}],"line":92},"4":{"loc":{"start":{"line":94,"column":13},"end":{"line":95,"column":null}},"type":"if","locations":[{"start":{"line":94,"column":13},"end":{"line":95,"column":null}},{"start":{},"end":{}}],"line":94},"5":{"loc":{"start":{"line":94,"column":13},"end":{"line":94,"column":79}},"type":"binary-expr","locations":[{"start":{"line":94,"column":13},"end":{"line":94,"column":48}},{"start":{"line":94,"column":48},"end":{"line":94,"column":79}}],"line":94},"6":{"loc":{"start":{"line":111,"column":19},"end":{"line":111,"column":null}},"type":"binary-expr","locations":[{"start":{"line":111,"column":19},"end":{"line":111,"column":51}},{"start":{"line":111,"column":51},"end":{"line":111,"column":null}}],"line":111},"7":{"loc":{"start":{"line":112,"column":15},"end":{"line":112,"column":null}},"type":"binary-expr","locations":[{"start":{"line":112,"column":15},"end":{"line":112,"column":48}},{"start":{"line":112,"column":48},"end":{"line":112,"column":null}}],"line":112},"8":{"loc":{"start":{"line":113,"column":19},"end":{"line":113,"column":null}},"type":"cond-expr","locations":[{"start":{"line":113,"column":52},"end":{"line":113,"column":70}},{"start":{"line":113,"column":70},"end":{"line":113,"column":null}}],"line":113},"9":{"loc":{"start":{"line":129,"column":2},"end":{"line":133,"column":null}},"type":"if","locations":[{"start":{"line":129,"column":2},"end":{"line":133,"column":null}},{"start":{},"end":{}}],"line":129},"10":{"loc":{"start":{"line":149,"column":2},"end":{"line":150,"column":null}},"type":"if","locations":[{"start":{"line":149,"column":2},"end":{"line":150,"column":null}},{"start":{},"end":{}}],"line":149},"11":{"loc":{"start":{"line":177,"column":14},"end":{"line":177,"column":null}},"type":"cond-expr","locations":[{"start":{"line":177,"column":31},"end":{"line":177,"column":44}},{"start":{"line":177,"column":44},"end":{"line":177,"column":null}}],"line":177},"12":{"loc":{"start":{"line":194,"column":2},"end":{"line":197,"column":null}},"type":"if","locations":[{"start":{"line":194,"column":2},"end":{"line":197,"column":null}},{"start":{"line":196,"column":13},"end":{"line":197,"column":null}}],"line":194},"13":{"loc":{"start":{"line":196,"column":13},"end":{"line":197,"column":null}},"type":"if","locations":[{"start":{"line":196,"column":13},"end":{"line":197,"column":null}},{"start":{},"end":{}}],"line":196},"14":{"loc":{"start":{"line":209,"column":2},"end":{"line":210,"column":null}},"type":"if","locations":[{"start":{"line":209,"column":2},"end":{"line":210,"column":null}},{"start":{},"end":{}}],"line":209},"15":{"loc":{"start":{"line":209,"column":6},"end":{"line":209,"column":59}},"type":"binary-expr","locations":[{"start":{"line":209,"column":6},"end":{"line":209,"column":39}},{"start":{"line":209,"column":39},"end":{"line":209,"column":59}}],"line":209},"16":{"loc":{"start":{"line":216,"column":31},"end":{"line":216,"column":53}},"type":"default-arg","locations":[{"start":{"line":216,"column":46},"end":{"line":216,"column":53}}],"line":216},"17":{"loc":{"start":{"line":228,"column":8},"end":{"line":230,"column":null}},"type":"if","locations":[{"start":{"line":228,"column":8},"end":{"line":230,"column":null}},{"start":{},"end":{}}],"line":228},"18":{"loc":{"start":{"line":233,"column":8},"end":{"line":234,"column":null}},"type":"if","locations":[{"start":{"line":233,"column":8},"end":{"line":234,"column":null}},{"start":{},"end":{}}],"line":233},"19":{"loc":{"start":{"line":237,"column":8},"end":{"line":238,"column":null}},"type":"if","locations":[{"start":{"line":237,"column":8},"end":{"line":238,"column":null}},{"start":{},"end":{}}],"line":237}},"s":{"0":1,"1":1,"2":1,"3":6,"4":6,"5":5,"6":1,"7":1,"8":1,"9":1,"10":0,"11":1,"12":1,"13":1,"14":0,"15":0,"16":1,"17":6,"18":6,"19":6,"20":1,"21":0,"22":1,"23":1,"24":1,"25":1,"26":1,"27":0,"28":0,"29":1,"30":1,"31":1,"32":0,"33":0,"34":1,"35":1,"36":1,"37":1,"38":1,"39":1,"40":0,"41":0,"42":1,"43":1,"44":1,"45":0,"46":0,"47":0,"48":0,"49":0,"50":0,"51":0,"52":0,"53":0,"54":0,"55":0,"56":0,"57":0,"58":0,"59":0,"60":0,"61":0,"62":0,"63":0,"64":0,"65":0,"66":0,"67":0},"f":{"0":6,"1":1,"2":1,"3":1,"4":1,"5":1,"6":0,"7":0,"8":0,"9":0,"10":0},"b":{"0":[5,1],"1":[6,5],"2":[1,0],"3":[1,0],"4":[0,0],"5":[0,0],"6":[1,1],"7":[6,1],"8":[1,0],"9":[0,1],"10":[1,0],"11":[0,0],"12":[1,0],"13":[0,0],"14":[1,0],"15":[1,1],"16":[0],"17":[0,0],"18":[0,0],"19":[0,0]},"meta":{"lastBranch":20,"lastFunction":11,"lastStatement":68,"seen":{"s:60:47:60:Infinity":0,"s:61:22:61:Infinity":1,"s:62:25:62:Infinity":2,"f:67:22:67:70":0,"s:68:14:68:24":3,"b:71:2:72:Infinity:undefined:undefined:undefined:undefined":0,"s:71:2:72:Infinity":4,"b:71:6:71:23:71:23:71:66":1,"s:72:4:72:Infinity":5,"s:76:45:80:4":6,"s:83:18:83:49":7,"s:84:64:84:66":8,"s:86:2:87:Infinity":9,"s:87:4:87:Infinity":10,"s:91:29:91:Infinity":11,"b:92:2:95:Infinity:94:13:95:Infinity":2,"s:92:2:95:Infinity":12,"b:92:6:92:45:92:45:92:74":3,"s:93:4:93:Infinity":13,"b:94:13:95:Infinity:undefined:undefined:undefined:undefined":4,"s:94:13:95:Infinity":14,"b:94:13:94:48:94:48:94:79":5,"s:95:4:95:Infinity":15,"s:99:38:115:Infinity":16,"b:111:19:111:51:111:51:111:Infinity":6,"b:112:15:112:48:112:48:112:Infinity":7,"b:113:52:113:70:113:70:113:Infinity":8,"s:118:2:118:Infinity":17,"s:119:2:119:Infinity":18,"s:121:2:121:Infinity":19,"f:127:16:127:78":1,"b:129:2:133:Infinity:undefined:undefined:undefined:undefined":9,"s:129:2:133:Infinity":20,"s:130:4:133:Infinity":21,"s:137:2:140:Infinity":22,"f:144:15:144:60":2,"s:146:21:146:47":23,"s:147:23:147:Infinity":24,"b:149:2:150:Infinity:undefined:undefined:undefined:undefined":10,"s:149:2:150:Infinity":25,"s:150:4:150:Infinity":26,"s:154:21:154:Infinity":27,"s:156:2:161:Infinity":28,"f:164:15:164:52":3,"s:165:20:165:37":29,"s:167:2:185:Infinity":30,"s:169:21:172:6":31,"s:174:20:174:Infinity":32,"s:176:4:180:Infinity":33,"b:177:31:177:44:177:44:177:Infinity":11,"s:182:4:185:Infinity":34,"f:189:9:189:41":4,"s:190:21:190:47":35,"s:191:16:191:42":36,"s:193:38:193:Infinity":37,"b:194:2:197:Infinity:196:13:197:Infinity":12,"s:194:2:197:Infinity":38,"s:195:4:195:Infinity":39,"b:196:13:197:Infinity:undefined:undefined:undefined:undefined":13,"s:196:13:197:Infinity":40,"s:197:4:197:Infinity":41,"s:200:2:205:Infinity":42,"f:208:9:208:29":5,"b:209:2:210:Infinity:undefined:undefined:undefined:undefined":14,"s:209:2:210:Infinity":43,"b:209:6:209:39:209:39:209:59":15,"s:210:4:210:Infinity":44,"s:212:2:212:Infinity":45,"f:216:16:216:31":6,"b:216:46:216:53":16,"s:217:17:217:72":46,"s:218:20:218:50":47,"s:219:16:219:56":48,"s:221:2:253:Infinity":49,"f:221:2:221:18":7,"s:222:18:222:Infinity":50,"s:225:24:238:Infinity":51,"f:225:24:225:36":8,"s:226:6:238:Infinity":52,"s:227:23:227:46":53,"b:228:8:230:Infinity:undefined:undefined:undefined:undefined":17,"s:228:8:230:Infinity":54,"s:229:10:229:Infinity":55,"s:230:10:230:Infinity":56,"b:233:8:234:Infinity:undefined:undefined:undefined:undefined":18,"s:233:8:234:Infinity":57,"s:234:10:234:Infinity":58,"b:237:8:238:Infinity:undefined:undefined:undefined:undefined":19,"s:237:8:238:Infinity":59,"s:238:10:238:Infinity":60,"s:244:4:244:Infinity":61,"s:247:4:247:Infinity":62,"s:249:4:251:Infinity":63,"f:249:4:249:17":9,"s:250:6:250:Infinity":64,"s:251:6:251:Infinity":65,"s:255:2:255:Infinity":66,"f:255:37:255:52":10,"s:255:52:255:71":67}}}
,"C:\\Users\\jacke\\Documents\\GitHub\\eSports-EXE\\apps\\website-v2\\src\\components\\MLPredictionPanel.tsx": {"path":"C:\\Users\\jacke\\Documents\\GitHub\\eSports-EXE\\apps\\website-v2\\src\\components\\MLPredictionPanel.tsx","statementMap":{"0":{"start":{"line":27,"column":19},"end":{"line":33,"column":null}},"1":{"start":{"line":35,"column":13},"end":{"line":271,"column":null}},"2":{"start":{"line":39,"column":67},"end":{"line":41,"column":4}},"3":{"start":{"line":43,"column":22},"end":{"line":43,"column":66}},"4":{"start":{"line":44,"column":22},"end":{"line":44,"column":75}},"5":{"start":{"line":45,"column":23},"end":{"line":45,"column":57}},"6":{"start":{"line":47,"column":8},"end":{"line":47,"column":49}},"7":{"start":{"line":49,"column":19},"end":{"line":49,"column":null}},"8":{"start":{"line":52,"column":2},"end":{"line":56,"column":null}},"9":{"start":{"line":53,"column":4},"end":{"line":54,"column":null}},"10":{"start":{"line":54,"column":6},"end":{"line":54,"column":null}},"11":{"start":{"line":61,"column":8},"end":{"line":90,"column":56}},"12":{"start":{"line":62,"column":4},"end":{"line":62,"column":null}},"13":{"start":{"line":62,"column":39},"end":{"line":62,"column":null}},"14":{"start":{"line":64,"column":4},"end":{"line":64,"column":null}},"15":{"start":{"line":65,"column":22},"end":{"line":65,"column":39}},"16":{"start":{"line":67,"column":4},"end":{"line":88,"column":null}},"17":{"start":{"line":68,"column":21},"end":{"line":68,"column":47}},"18":{"start":{"line":69,"column":22},"end":{"line":69,"column":null}},"19":{"start":{"line":72,"column":21},"end":{"line":72,"column":40}},"20":{"start":{"line":73,"column":25},"end":{"line":73,"column":67}},"21":{"start":{"line":73,"column":58},"end":{"line":73,"column":65}},"22":{"start":{"line":75,"column":40},"end":{"line":82,"column":null}},"23":{"start":{"line":84,"column":6},"end":{"line":84,"column":null}},"24":{"start":{"line":84,"column":29},"end":{"line":84,"column":66}},"25":{"start":{"line":88,"column":6},"end":{"line":88,"column":null}},"26":{"start":{"line":95,"column":8},"end":{"line":101,"column":8}},"27":{"start":{"line":96,"column":4},"end":{"line":100,"column":null}},"28":{"start":{"line":97,"column":19},"end":{"line":97,"column":28}},"29":{"start":{"line":98,"column":6},"end":{"line":98,"column":null}},"30":{"start":{"line":99,"column":6},"end":{"line":99,"column":null}},"31":{"start":{"line":104,"column":2},"end":{"line":118,"column":null}},"32":{"start":{"line":105,"column":4},"end":{"line":118,"column":null}},"33":{"start":{"line":125,"column":2},"end":{"line":137,"column":null}},"34":{"start":{"line":126,"column":4},"end":{"line":137,"column":null}},"35":{"start":{"line":132,"column":25},"end":{"line":132,"column":44}},"36":{"start":{"line":142,"column":2},"end":{"line":271,"column":null}},"37":{"start":{"line":162,"column":12},"end":{"line":178,"column":null}},"38":{"start":{"line":169,"column":33},"end":{"line":169,"column":75}},"39":{"start":{"line":204,"column":16},"end":{"line":212,"column":null}},"40":{"start":{"line":243,"column":14},"end":{"line":269,"column":null}},"41":{"start":{"line":249,"column":20},"end":{"line":249,"column":null}},"42":{"start":{"line":254,"column":45},"end":{"line":254,"column":57}}},"fnMap":{"0":{"name":"(anonymous_0)","decl":{"start":{"line":35,"column":13},"end":{"line":35,"column":68}},"loc":{"start":{"line":38,"column":6},"end":{"line":271,"column":null}},"line":38},"1":{"name":"(anonymous_1)","decl":{"start":{"line":52,"column":8},"end":{"line":52,"column":24}},"loc":{"start":{"line":52,"column":24},"end":{"line":56,"column":6}},"line":52},"2":{"name":"(anonymous_2)","decl":{"start":{"line":61,"column":36},"end":{"line":61,"column":48}},"loc":{"start":{"line":61,"column":48},"end":{"line":90,"column":6}},"line":61},"3":{"name":"(anonymous_3)","decl":{"start":{"line":73,"column":41},"end":{"line":73,"column":49}},"loc":{"start":{"line":73,"column":58},"end":{"line":73,"column":65}},"line":73},"4":{"name":"(anonymous_4)","decl":{"start":{"line":84,"column":6},"end":{"line":84,"column":21}},"loc":{"start":{"line":84,"column":29},"end":{"line":84,"column":66}},"line":84},"5":{"name":"(anonymous_5)","decl":{"start":{"line":95,"column":22},"end":{"line":95,"column":35}},"loc":{"start":{"line":95,"column":68},"end":{"line":101,"column":7}},"line":95},"6":{"name":"(anonymous_6)","decl":{"start":{"line":96,"column":4},"end":{"line":96,"column":19}},"loc":{"start":{"line":96,"column":27},"end":{"line":100,"column":null}},"line":96},"7":{"name":"(anonymous_7)","decl":{"start":{"line":132,"column":10},"end":{"line":132,"column":25}},"loc":{"start":{"line":132,"column":25},"end":{"line":132,"column":44}},"line":132},"8":{"name":"(anonymous_8)","decl":{"start":{"line":161,"column":23},"end":{"line":161,"column":28}},"loc":{"start":{"line":162,"column":12},"end":{"line":178,"column":null}},"line":162},"9":{"name":"(anonymous_9)","decl":{"start":{"line":169,"column":16},"end":{"line":169,"column":27}},"loc":{"start":{"line":169,"column":33},"end":{"line":169,"column":75}},"line":169},"10":{"name":"(anonymous_10)","decl":{"start":{"line":203,"column":37},"end":{"line":203,"column":42}},"loc":{"start":{"line":204,"column":16},"end":{"line":212,"column":null}},"line":204},"11":{"name":"(anonymous_11)","decl":{"start":{"line":242,"column":34},"end":{"line":242,"column":39}},"loc":{"start":{"line":243,"column":14},"end":{"line":269,"column":null}},"line":243},"12":{"name":"(anonymous_12)","decl":{"start":{"line":248,"column":30},"end":{"line":248,"column":35}},"loc":{"start":{"line":249,"column":20},"end":{"line":249,"column":null}},"line":249},"13":{"name":"(anonymous_13)","decl":{"start":{"line":254,"column":36},"end":{"line":254,"column":40}},"loc":{"start":{"line":254,"column":45},"end":{"line":254,"column":57}},"line":254}},"branchMap":{"0":{"loc":{"start":{"line":36,"column":2},"end":{"line":36,"column":null}},"type":"default-arg","locations":[{"start":{"line":36,"column":13},"end":{"line":36,"column":null}}],"line":36},"1":{"loc":{"start":{"line":37,"column":2},"end":{"line":37,"column":null}},"type":"default-arg","locations":[{"start":{"line":37,"column":8},"end":{"line":37,"column":null}}],"line":37},"2":{"loc":{"start":{"line":53,"column":4},"end":{"line":54,"column":null}},"type":"if","locations":[{"start":{"line":53,"column":4},"end":{"line":54,"column":null}},{"start":{},"end":{}}],"line":53},"3":{"loc":{"start":{"line":53,"column":8},"end":{"line":53,"column":52}},"type":"binary-expr","locations":[{"start":{"line":53,"column":8},"end":{"line":53,"column":25}},{"start":{"line":53,"column":25},"end":{"line":53,"column":44}},{"start":{"line":53,"column":44},"end":{"line":53,"column":52}}],"line":53},"4":{"loc":{"start":{"line":62,"column":4},"end":{"line":62,"column":null}},"type":"if","locations":[{"start":{"line":62,"column":4},"end":{"line":62,"column":null}},{"start":{},"end":{}}],"line":62},"5":{"loc":{"start":{"line":62,"column":8},"end":{"line":62,"column":39}},"type":"binary-expr","locations":[{"start":{"line":62,"column":8},"end":{"line":62,"column":25}},{"start":{"line":62,"column":25},"end":{"line":62,"column":39}}],"line":62},"6":{"loc":{"start":{"line":104,"column":2},"end":{"line":118,"column":null}},"type":"if","locations":[{"start":{"line":104,"column":2},"end":{"line":118,"column":null}},{"start":{},"end":{}}],"line":104},"7":{"loc":{"start":{"line":125,"column":2},"end":{"line":137,"column":null}},"type":"if","locations":[{"start":{"line":125,"column":2},"end":{"line":137,"column":null}},{"start":{},"end":{}}],"line":125},"8":{"loc":{"start":{"line":150,"column":9},"end":{"line":153,"column":null}},"type":"binary-expr","locations":[{"start":{"line":150,"column":9},"end":{"line":150,"column":null}},{"start":{"line":151,"column":10},"end":{"line":153,"column":null}}],"line":150},"9":{"loc":{"start":{"line":183,"column":20},"end":{"line":183,"column":null}},"type":"binary-expr","locations":[{"start":{"line":183,"column":20},"end":{"line":183,"column":37}},{"start":{"line":183,"column":37},"end":{"line":183,"column":null}}],"line":183},"10":{"loc":{"start":{"line":186,"column":29},"end":{"line":186,"column":null}},"type":"cond-expr","locations":[{"start":{"line":186,"column":61},"end":{"line":186,"column":72}},{"start":{"line":186,"column":72},"end":{"line":186,"column":null}}],"line":186},"11":{"loc":{"start":{"line":186,"column":29},"end":{"line":186,"column":61}},"type":"binary-expr","locations":[{"start":{"line":186,"column":29},"end":{"line":186,"column":45}},{"start":{"line":186,"column":45},"end":{"line":186,"column":61}}],"line":186},"12":{"loc":{"start":{"line":187,"column":19},"end":{"line":187,"column":null}},"type":"cond-expr","locations":[{"start":{"line":187,"column":51},"end":{"line":187,"column":63}},{"start":{"line":187,"column":63},"end":{"line":187,"column":null}}],"line":187},"13":{"loc":{"start":{"line":187,"column":19},"end":{"line":187,"column":51}},"type":"binary-expr","locations":[{"start":{"line":187,"column":19},"end":{"line":187,"column":35}},{"start":{"line":187,"column":35},"end":{"line":187,"column":51}}],"line":187},"14":{"loc":{"start":{"line":190,"column":11},"end":{"line":190,"column":null}},"type":"cond-expr","locations":[{"start":{"line":190,"column":26},"end":{"line":190,"column":44}},{"start":{"line":190,"column":44},"end":{"line":190,"column":null}}],"line":190},"15":{"loc":{"start":{"line":195,"column":7},"end":{"line":229,"column":null}},"type":"binary-expr","locations":[{"start":{"line":195,"column":7},"end":{"line":195,"column":null}},{"start":{"line":196,"column":8},"end":{"line":229,"column":null}}],"line":195},"16":{"loc":{"start":{"line":220,"column":25},"end":{"line":221,"column":null}},"type":"cond-expr","locations":[{"start":{"line":220,"column":59},"end":{"line":220,"column":null}},{"start":{"line":221,"column":20},"end":{"line":221,"column":null}}],"line":220},"17":{"loc":{"start":{"line":221,"column":20},"end":{"line":221,"column":null}},"type":"cond-expr","locations":[{"start":{"line":221,"column":54},"end":{"line":221,"column":66}},{"start":{"line":221,"column":66},"end":{"line":221,"column":null}}],"line":221},"18":{"loc":{"start":{"line":235,"column":7},"end":{"line":271,"column":null}},"type":"binary-expr","locations":[{"start":{"line":235,"column":7},"end":{"line":235,"column":null}},{"start":{"line":236,"column":8},"end":{"line":271,"column":null}}],"line":235},"19":{"loc":{"start":{"line":259,"column":29},"end":{"line":260,"column":null}},"type":"cond-expr","locations":[{"start":{"line":259,"column":53},"end":{"line":259,"column":null}},{"start":{"line":260,"column":24},"end":{"line":260,"column":null}}],"line":259},"20":{"loc":{"start":{"line":260,"column":24},"end":{"line":260,"column":null}},"type":"cond-expr","locations":[{"start":{"line":260,"column":48},"end":{"line":260,"column":60}},{"start":{"line":260,"column":60},"end":{"line":260,"column":null}}],"line":260}},"s":{"0":1,"1":1,"2":35,"3":35,"4":35,"5":35,"6":35,"7":35,"8":35,"9":16,"10":2,"11":35,"12":8,"13":0,"14":8,"15":8,"16":8,"17":8,"18":8,"19":8,"20":8,"21":24,"22":8,"23":8,"24":8,"25":8,"26":35,"27":3,"28":3,"29":3,"30":3,"31":35,"32":2,"33":33,"34":2,"35":1,"36":31,"37":93,"38":3,"39":30,"40":4,"41":12,"42":12},"f":{"0":35,"1":16,"2":8,"3":24,"4":8,"5":3,"6":3,"7":1,"8":93,"9":3,"10":30,"11":4,"12":12,"13":12},"b":{"0":[35],"1":[35],"2":[2,14],"3":[16,6,4],"4":[0,8],"5":[8,8],"6":[2,33],"7":[2,31],"8":[31,29],"9":[35,29],"10":[21,10],"11":[35,29],"12":[21,10],"13":[35,29],"14":[8,23],"15":[35,10],"16":[1,9],"17":[3,6],"18":[35,3],"19":[0,4],"20":[0,4]},"meta":{"lastBranch":21,"lastFunction":14,"lastStatement":43,"seen":{"s:27:19:33:Infinity":0,"s:35:13:271:Infinity":1,"f:35:13:35:68":0,"b:36:13:36:Infinity":0,"b:37:8:37:Infinity":1,"s:39:67:41:4":2,"s:43:22:43:66":3,"s:44:22:44:75":4,"s:45:23:45:57":5,"s:47:8:47:49":6,"s:49:19:49:Infinity":7,"s:52:2:56:Infinity":8,"f:52:8:52:24":1,"b:53:4:54:Infinity:undefined:undefined:undefined:undefined":2,"s:53:4:54:Infinity":9,"b:53:8:53:25:53:25:53:44:53:44:53:52":3,"s:54:6:54:Infinity":10,"s:61:8:90:56":11,"f:61:36:61:48":2,"b:62:4:62:Infinity:undefined:undefined:undefined:undefined":4,"s:62:4:62:Infinity":12,"b:62:8:62:25:62:25:62:39":5,"s:62:39:62:Infinity":13,"s:64:4:64:Infinity":14,"s:65:22:65:39":15,"s:67:4:88:Infinity":16,"s:68:21:68:47":17,"s:69:22:69:Infinity":18,"s:72:21:72:40":19,"s:73:25:73:67":20,"f:73:41:73:49":3,"s:73:58:73:65":21,"s:75:40:82:Infinity":22,"s:84:6:84:Infinity":23,"f:84:6:84:21":4,"s:84:29:84:66":24,"s:88:6:88:Infinity":25,"s:95:8:101:8":26,"f:95:22:95:35":5,"s:96:4:100:Infinity":27,"f:96:4:96:19":6,"s:97:19:97:28":28,"s:98:6:98:Infinity":29,"s:99:6:99:Infinity":30,"b:104:2:118:Infinity:undefined:undefined:undefined:undefined":6,"s:104:2:118:Infinity":31,"s:105:4:118:Infinity":32,"b:125:2:137:Infinity:undefined:undefined:undefined:undefined":7,"s:125:2:137:Infinity":33,"s:126:4:137:Infinity":34,"f:132:10:132:25":7,"s:132:25:132:44":35,"s:142:2:271:Infinity":36,"b:150:9:150:Infinity:151:10:153:Infinity":8,"f:161:23:161:28":8,"s:162:12:178:Infinity":37,"f:169:16:169:27":9,"s:169:33:169:75":38,"b:183:20:183:37:183:37:183:Infinity":9,"b:186:61:186:72:186:72:186:Infinity":10,"b:186:29:186:45:186:45:186:61":11,"b:187:51:187:63:187:63:187:Infinity":12,"b:187:19:187:35:187:35:187:51":13,"b:190:26:190:44:190:44:190:Infinity":14,"b:195:7:195:Infinity:196:8:229:Infinity":15,"f:203:37:203:42":10,"s:204:16:212:Infinity":39,"b:220:59:220:Infinity:221:20:221:Infinity":16,"b:221:54:221:66:221:66:221:Infinity":17,"b:235:7:235:Infinity:236:8:271:Infinity":18,"f:242:34:242:39":11,"s:243:14:269:Infinity":40,"f:248:30:248:35":12,"s:249:20:249:Infinity":41,"f:254:36:254:40":13,"s:254:45:254:57":42,"b:259:53:259:Infinity:260:24:260:Infinity":19,"b:260:48:260:60:260:60:260:Infinity":20}}}
,"C:\\Users\\jacke\\Documents\\GitHub\\eSports-EXE\\apps\\website-v2\\src\\components\\StreamingPredictionPanel.tsx": {"path":"C:\\Users\\jacke\\Documents\\GitHub\\eSports-EXE\\apps\\website-v2\\src\\components\\StreamingPredictionPanel.tsx","statementMap":{"0":{"start":{"line":18,"column":19},"end":{"line":24,"column":null}},"1":{"start":{"line":31,"column":2},"end":{"line":31,"column":null}},"2":{"start":{"line":31,"column":17},"end":{"line":31,"column":null}},"3":{"start":{"line":32,"column":2},"end":{"line":32,"column":null}},"4":{"start":{"line":32,"column":17},"end":{"line":32,"column":null}},"5":{"start":{"line":33,"column":2},"end":{"line":33,"column":null}},"6":{"start":{"line":40,"column":2},"end":{"line":40,"column":null}},"7":{"start":{"line":40,"column":17},"end":{"line":40,"column":null}},"8":{"start":{"line":41,"column":2},"end":{"line":41,"column":null}},"9":{"start":{"line":41,"column":17},"end":{"line":41,"column":null}},"10":{"start":{"line":42,"column":2},"end":{"line":42,"column":null}},"11":{"start":{"line":49,"column":2},"end":{"line":50,"column":null}},"12":{"start":{"line":50,"column":4},"end":{"line":50,"column":null}},"13":{"start":{"line":52,"column":2},"end":{"line":52,"column":null}},"14":{"start":{"line":55,"column":13},"end":{"line":298,"column":null}},"15":{"start":{"line":69,"column":4},"end":{"line":74,"column":4}},"16":{"start":{"line":76,"column":19},"end":{"line":76,"column":null}},"17":{"start":{"line":77,"column":19},"end":{"line":77,"column":35}},"18":{"start":{"line":78,"column":20},"end":{"line":78,"column":37}},"19":{"start":{"line":81,"column":27},"end":{"line":81,"column":null}},"20":{"start":{"line":84,"column":8},"end":{"line":89,"column":36}},"21":{"start":{"line":85,"column":4},"end":{"line":85,"column":null}},"22":{"start":{"line":85,"column":15},"end":{"line":85,"column":null}},"23":{"start":{"line":86,"column":4},"end":{"line":86,"column":null}},"24":{"start":{"line":86,"column":22},"end":{"line":86,"column":null}},"25":{"start":{"line":87,"column":4},"end":{"line":87,"column":null}},"26":{"start":{"line":87,"column":18},"end":{"line":87,"column":null}},"27":{"start":{"line":88,"column":4},"end":{"line":88,"column":null}},"28":{"start":{"line":91,"column":21},"end":{"line":91,"column":null}},"29":{"start":{"line":94,"column":2},"end":{"line":106,"column":null}},"30":{"start":{"line":95,"column":4},"end":{"line":106,"column":null}},"31":{"start":{"line":111,"column":2},"end":{"line":298,"column":null}},"32":{"start":{"line":198,"column":18},"end":{"line":204,"column":null}},"33":{"start":{"line":253,"column":14},"end":{"line":284,"column":null}},"34":{"start":{"line":262,"column":54},"end":{"line":262,"column":66}},"35":{"start":{"line":267,"column":45},"end":{"line":267,"column":57}}},"fnMap":{"0":{"name":"getLagColor","decl":{"start":{"line":30,"column":9},"end":{"line":30,"column":21}},"loc":{"start":{"line":30,"column":42},"end":{"line":33,"column":null}},"line":30},"1":{"name":"getLagStatus","decl":{"start":{"line":39,"column":9},"end":{"line":39,"column":22}},"loc":{"start":{"line":39,"column":43},"end":{"line":42,"column":null}},"line":39},"2":{"name":"formatThroughput","decl":{"start":{"line":48,"column":9},"end":{"line":48,"column":26}},"loc":{"start":{"line":48,"column":47},"end":{"line":52,"column":null}},"line":48},"3":{"name":"(anonymous_3)","decl":{"start":{"line":55,"column":13},"end":{"line":55,"column":82}},"loc":{"start":{"line":59,"column":6},"end":{"line":298,"column":null}},"line":59},"4":{"name":"(anonymous_4)","decl":{"start":{"line":84,"column":27},"end":{"line":84,"column":41}},"loc":{"start":{"line":84,"column":41},"end":{"line":89,"column":6}},"line":84},"5":{"name":"(anonymous_5)","decl":{"start":{"line":197,"column":41},"end":{"line":197,"column":46}},"loc":{"start":{"line":198,"column":18},"end":{"line":204,"column":null}},"line":198},"6":{"name":"(anonymous_6)","decl":{"start":{"line":252,"column":38},"end":{"line":252,"column":43}},"loc":{"start":{"line":253,"column":14},"end":{"line":284,"column":null}},"line":253},"7":{"name":"(anonymous_7)","decl":{"start":{"line":262,"column":45},"end":{"line":262,"column":49}},"loc":{"start":{"line":262,"column":54},"end":{"line":262,"column":66}},"line":262},"8":{"name":"(anonymous_8)","decl":{"start":{"line":267,"column":36},"end":{"line":267,"column":40}},"loc":{"start":{"line":267,"column":45},"end":{"line":267,"column":57}},"line":267}},"branchMap":{"0":{"loc":{"start":{"line":31,"column":2},"end":{"line":31,"column":null}},"type":"if","locations":[{"start":{"line":31,"column":2},"end":{"line":31,"column":null}},{"start":{},"end":{}}],"line":31},"1":{"loc":{"start":{"line":32,"column":2},"end":{"line":32,"column":null}},"type":"if","locations":[{"start":{"line":32,"column":2},"end":{"line":32,"column":null}},{"start":{},"end":{}}],"line":32},"2":{"loc":{"start":{"line":40,"column":2},"end":{"line":40,"column":null}},"type":"if","locations":[{"start":{"line":40,"column":2},"end":{"line":40,"column":null}},{"start":{},"end":{}}],"line":40},"3":{"loc":{"start":{"line":41,"column":2},"end":{"line":41,"column":null}},"type":"if","locations":[{"start":{"line":41,"column":2},"end":{"line":41,"column":null}},{"start":{},"end":{}}],"line":41},"4":{"loc":{"start":{"line":49,"column":2},"end":{"line":50,"column":null}},"type":"if","locations":[{"start":{"line":49,"column":2},"end":{"line":50,"column":null}},{"start":{},"end":{}}],"line":49},"5":{"loc":{"start":{"line":56,"column":2},"end":{"line":56,"column":null}},"type":"default-arg","locations":[{"start":{"line":56,"column":10},"end":{"line":56,"column":null}}],"line":56},"6":{"loc":{"start":{"line":57,"column":2},"end":{"line":57,"column":null}},"type":"default-arg","locations":[{"start":{"line":57,"column":13},"end":{"line":57,"column":null}}],"line":57},"7":{"loc":{"start":{"line":58,"column":2},"end":{"line":58,"column":null}},"type":"default-arg","locations":[{"start":{"line":58,"column":8},"end":{"line":58,"column":null}}],"line":58},"8":{"loc":{"start":{"line":85,"column":4},"end":{"line":85,"column":null}},"type":"if","locations":[{"start":{"line":85,"column":4},"end":{"line":85,"column":null}},{"start":{},"end":{}}],"line":85},"9":{"loc":{"start":{"line":86,"column":4},"end":{"line":86,"column":null}},"type":"if","locations":[{"start":{"line":86,"column":4},"end":{"line":86,"column":null}},{"start":{},"end":{}}],"line":86},"10":{"loc":{"start":{"line":87,"column":4},"end":{"line":87,"column":null}},"type":"if","locations":[{"start":{"line":87,"column":4},"end":{"line":87,"column":null}},{"start":{},"end":{}}],"line":87},"11":{"loc":{"start":{"line":94,"column":2},"end":{"line":106,"column":null}},"type":"if","locations":[{"start":{"line":94,"column":2},"end":{"line":106,"column":null}},{"start":{},"end":{}}],"line":94},"12":{"loc":{"start":{"line":163,"column":21},"end":{"line":163,"column":null}},"type":"cond-expr","locations":[{"start":{"line":163,"column":32},"end":{"line":163,"column":41}},{"start":{"line":163,"column":41},"end":{"line":163,"column":null}}],"line":163},"13":{"loc":{"start":{"line":167,"column":13},"end":{"line":176,"column":null}},"type":"cond-expr","locations":[{"start":{"line":168,"column":14},"end":{"line":171,"column":null}},{"start":{"line":173,"column":14},"end":{"line":176,"column":null}}],"line":167},"14":{"loc":{"start":{"line":183,"column":7},"end":{"line":244,"column":null}},"type":"cond-expr","locations":[{"start":{"line":184,"column":8},"end":{"line":242,"column":9}},{"start":{"line":242,"column":8},"end":{"line":244,"column":null}}],"line":183},"15":{"loc":{"start":{"line":215,"column":25},"end":{"line":216,"column":null}},"type":"cond-expr","locations":[{"start":{"line":215,"column":61},"end":{"line":215,"column":null}},{"start":{"line":216,"column":20},"end":{"line":216,"column":null}}],"line":215},"16":{"loc":{"start":{"line":216,"column":20},"end":{"line":216,"column":null}},"type":"cond-expr","locations":[{"start":{"line":216,"column":56},"end":{"line":216,"column":68}},{"start":{"line":216,"column":68},"end":{"line":216,"column":null}}],"line":216},"17":{"loc":{"start":{"line":248,"column":7},"end":{"line":286,"column":null}},"type":"binary-expr","locations":[{"start":{"line":248,"column":7},"end":{"line":248,"column":null}},{"start":{"line":249,"column":8},"end":{"line":286,"column":null}}],"line":248},"18":{"loc":{"start":{"line":272,"column":39},"end":{"line":273,"column":null}},"type":"cond-expr","locations":[{"start":{"line":272,"column":63},"end":{"line":272,"column":null}},{"start":{"line":273,"column":24},"end":{"line":273,"column":null}}],"line":272},"19":{"loc":{"start":{"line":273,"column":24},"end":{"line":273,"column":null}},"type":"cond-expr","locations":[{"start":{"line":273,"column":48},"end":{"line":273,"column":75}},{"start":{"line":273,"column":75},"end":{"line":273,"column":null}}],"line":273},"20":{"loc":{"start":{"line":274,"column":29},"end":{"line":275,"column":null}},"type":"cond-expr","locations":[{"start":{"line":274,"column":53},"end":{"line":274,"column":null}},{"start":{"line":275,"column":24},"end":{"line":275,"column":null}}],"line":274},"21":{"loc":{"start":{"line":275,"column":24},"end":{"line":275,"column":null}},"type":"cond-expr","locations":[{"start":{"line":275,"column":48},"end":{"line":275,"column":60}},{"start":{"line":275,"column":60},"end":{"line":275,"column":null}}],"line":275}},"s":{"0":1,"1":25,"2":20,"3":5,"4":4,"5":1,"6":21,"7":16,"8":5,"9":5,"10":1,"11":19,"12":1,"13":18,"14":1,"15":21,"16":21,"17":21,"18":21,"19":21,"20":21,"21":21,"22":2,"23":19,"24":19,"25":17,"26":17,"27":14,"28":21,"29":21,"30":2,"31":19,"32":6,"33":4,"34":12,"35":12},"f":{"0":25,"1":21,"2":19,"3":21,"4":21,"5":6,"6":4,"7":12,"8":12},"b":{"0":[20,5],"1":[4,1],"2":[16,5],"3":[4,1],"4":[1,18],"5":[21],"6":[21],"7":[21],"8":[2,19],"9":[2,17],"10":[3,14],"11":[2,19],"12":[3,16],"13":[3,16],"14":[2,17],"15":[0,2],"16":[2,0],"17":[21,1],"18":[2,2],"19":[2,0],"20":[2,2],"21":[2,0]},"meta":{"lastBranch":22,"lastFunction":9,"lastStatement":36,"seen":{"s:18:19:24:Infinity":0,"f:30:9:30:21":0,"b:31:2:31:Infinity:undefined:undefined:undefined:undefined":0,"s:31:2:31:Infinity":1,"s:31:17:31:Infinity":2,"b:32:2:32:Infinity:undefined:undefined:undefined:undefined":1,"s:32:2:32:Infinity":3,"s:32:17:32:Infinity":4,"s:33:2:33:Infinity":5,"f:39:9:39:22":1,"b:40:2:40:Infinity:undefined:undefined:undefined:undefined":2,"s:40:2:40:Infinity":6,"s:40:17:40:Infinity":7,"b:41:2:41:Infinity:undefined:undefined:undefined:undefined":3,"s:41:2:41:Infinity":8,"s:41:17:41:Infinity":9,"s:42:2:42:Infinity":10,"f:48:9:48:26":2,"b:49:2:50:Infinity:undefined:undefined:undefined:undefined":4,"s:49:2:50:Infinity":11,"s:50:4:50:Infinity":12,"s:52:2:52:Infinity":13,"s:55:13:298:Infinity":14,"f:55:13:55:82":3,"b:56:10:56:Infinity":5,"b:57:13:57:Infinity":6,"b:58:8:58:Infinity":7,"s:69:4:74:4":15,"s:76:19:76:Infinity":16,"s:77:19:77:35":17,"s:78:20:78:37":18,"s:81:27:81:Infinity":19,"s:84:8:89:36":20,"f:84:27:84:41":4,"b:85:4:85:Infinity:undefined:undefined:undefined:undefined":8,"s:85:4:85:Infinity":21,"s:85:15:85:Infinity":22,"b:86:4:86:Infinity:undefined:undefined:undefined:undefined":9,"s:86:4:86:Infinity":23,"s:86:22:86:Infinity":24,"b:87:4:87:Infinity:undefined:undefined:undefined:undefined":10,"s:87:4:87:Infinity":25,"s:87:18:87:Infinity":26,"s:88:4:88:Infinity":27,"s:91:21:91:Infinity":28,"b:94:2:106:Infinity:undefined:undefined:undefined:undefined":11,"s:94:2:106:Infinity":29,"s:95:4:106:Infinity":30,"s:111:2:298:Infinity":31,"b:163:32:163:41:163:41:163:Infinity":12,"b:168:14:171:Infinity:173:14:176:Infinity":13,"b:184:8:242:9:242:8:244:Infinity":14,"f:197:41:197:46":5,"s:198:18:204:Infinity":32,"b:215:61:215:Infinity:216:20:216:Infinity":15,"b:216:56:216:68:216:68:216:Infinity":16,"b:248:7:248:Infinity:249:8:286:Infinity":17,"f:252:38:252:43":6,"s:253:14:284:Infinity":33,"f:262:45:262:49":7,"s:262:54:262:66":34,"f:267:36:267:40":8,"s:267:45:267:57":35,"b:272:63:272:Infinity:273:24:273:Infinity":18,"b:273:48:273:75:273:75:273:Infinity":19,"b:274:53:274:Infinity:275:24:275:Infinity":20,"b:275:48:275:60:275:60:275:Infinity":21}}}
,"C:\\Users\\jacke\\Documents\\GitHub\\eSports-EXE\\apps\\website-v2\\src\\components\\error\\HubErrorFallback.tsx": {"path":"C:\\Users\\jacke\\Documents\\GitHub\\eSports-EXE\\apps\\website-v2\\src\\components\\error\\HubErrorFallback.tsx","statementMap":{"0":{"start":{"line":32,"column":19},"end":{"line":81,"column":null}},"1":{"start":{"line":86,"column":13},"end":{"line":239,"column":null}},"2":{"start":{"line":97,"column":17},"end":{"line":97,"column":null}},"3":{"start":{"line":98,"column":38},"end":{"line":98,"column":59}},"4":{"start":{"line":100,"column":8},"end":{"line":105,"column":null}},"5":{"start":{"line":101,"column":4},"end":{"line":105,"column":null}},"6":{"start":{"line":102,"column":6},"end":{"line":102,"column":null}},"7":{"start":{"line":104,"column":6},"end":{"line":104,"column":null}},"8":{"start":{"line":104,"column":23},"end":{"line":104,"column":43}},"9":{"start":{"line":105,"column":6},"end":{"line":105,"column":null}},"10":{"start":{"line":109,"column":2},"end":{"line":239,"column":null}},"11":{"start":{"line":246,"column":13},"end":{"line":288,"column":null}},"12":{"start":{"line":253,"column":17},"end":{"line":253,"column":null}},"13":{"start":{"line":255,"column":2},"end":{"line":288,"column":null}}},"fnMap":{"0":{"name":"(anonymous_0)","decl":{"start":{"line":86,"column":13},"end":{"line":86,"column":66}},"loc":{"start":{"line":96,"column":6},"end":{"line":239,"column":null}},"line":96},"1":{"name":"(anonymous_1)","decl":{"start":{"line":100,"column":8},"end":{"line":100,"column":28}},"loc":{"start":{"line":100,"column":28},"end":{"line":105,"column":null}},"line":100},"2":{"name":"(anonymous_2)","decl":{"start":{"line":104,"column":6},"end":{"line":104,"column":23}},"loc":{"start":{"line":104,"column":23},"end":{"line":104,"column":43}},"line":104},"3":{"name":"(anonymous_3)","decl":{"start":{"line":246,"column":13},"end":{"line":246,"column":112}},"loc":{"start":{"line":252,"column":6},"end":{"line":288,"column":null}},"line":252}},"branchMap":{"0":{"loc":{"start":{"line":87,"column":2},"end":{"line":87,"column":null}},"type":"default-arg","locations":[{"start":{"line":87,"column":8},"end":{"line":87,"column":null}}],"line":87},"1":{"loc":{"start":{"line":88,"column":2},"end":{"line":88,"column":null}},"type":"default-arg","locations":[{"start":{"line":88,"column":10},"end":{"line":88,"column":null}}],"line":88},"2":{"loc":{"start":{"line":89,"column":2},"end":{"line":89,"column":null}},"type":"default-arg","locations":[{"start":{"line":89,"column":12},"end":{"line":89,"column":null}}],"line":89},"3":{"loc":{"start":{"line":90,"column":2},"end":{"line":90,"column":null}},"type":"default-arg","locations":[{"start":{"line":90,"column":10},"end":{"line":90,"column":null}}],"line":90},"4":{"loc":{"start":{"line":94,"column":2},"end":{"line":94,"column":null}},"type":"default-arg","locations":[{"start":{"line":94,"column":2},"end":{"line":94,"column":null}}],"line":94},"5":{"loc":{"start":{"line":101,"column":4},"end":{"line":105,"column":null}},"type":"if","locations":[{"start":{"line":101,"column":4},"end":{"line":105,"column":null}},{"start":{},"end":{}}],"line":101},"6":{"loc":{"start":{"line":156,"column":11},"end":{"line":158,"column":null}},"type":"binary-expr","locations":[{"start":{"line":156,"column":11},"end":{"line":156,"column":null}},{"start":{"line":157,"column":12},"end":{"line":158,"column":null}}],"line":1
[...]
e":27,"column":13},"end":{"line":27,"column":null}},"type":"binary-expr","locations":[{"start":{"line":27,"column":13},"end":{"line":27,"column":55}},{"start":{"line":27,"column":20},"end":{"line":27,"column":null}}],"line":27},"2":{"loc":{"start":{"line":27,"column":20},"end":{"line":27,"column":null}},"type":"cond-expr","locations":[{"start":{"line":27,"column":70},"end":{"line":27,"column":79}},{"start":{"line":27,"column":79},"end":{"line":27,"column":null}}],"line":27},"3":{"loc":{"start":{"line":29,"column":15},"end":{"line":29,"column":null}},"type":"binary-expr","locations":[{"start":{"line":29,"column":15},"end":{"line":29,"column":33}},{"start":{"line":29,"column":33},"end":{"line":29,"column":null}}],"line":29},"4":{"loc":{"start":{"line":34,"column":4},"end":{"line":34,"column":null}},"type":"if","locations":[{"start":{"line":34,"column":4},"end":{"line":34,"column":null}},{"start":{},"end":{}}],"line":34},"5":{"loc":{"start":{"line":39,"column":19},"end":{"line":39,"column":null}},"type":"cond-expr","locations":[{"start":{"line":39,"column":40},"end":{"line":39,"column":69}},{"start":{"line":39,"column":69},"end":{"line":39,"column":null}}],"line":39},"6":{"loc":{"start":{"line":44,"column":4},"end":{"line":45,"column":null}},"type":"if","locations":[{"start":{"line":44,"column":4},"end":{"line":45,"column":null}},{"start":{},"end":{}}],"line":44},"7":{"loc":{"start":{"line":50,"column":4},"end":{"line":51,"column":null}},"type":"if","locations":[{"start":{"line":50,"column":4},"end":{"line":51,"column":null}},{"start":{},"end":{}}],"line":50},"8":{"loc":{"start":{"line":56,"column":4},"end":{"line":57,"column":null}},"type":"if","locations":[{"start":{"line":56,"column":4},"end":{"line":57,"column":null}},{"start":{},"end":{}}],"line":56},"9":{"loc":{"start":{"line":62,"column":4},"end":{"line":63,"column":null}},"type":"if","locations":[{"start":{"line":62,"column":4},"end":{"line":63,"column":null}},{"start":{},"end":{}}],"line":62},"10":{"loc":{"start":{"line":71,"column":14},"end":{"line":71,"column":null}},"type":"cond-expr","locations":[{"start":{"line":71,"column":35},"end":{"line":71,"column":71}},{"start":{"line":71,"column":71},"end":{"line":71,"column":null}}],"line":71}},"s":{"0":3,"1":15,"2":20,"3":0,"4":20,"5":20,"6":20,"7":14,"8":14,"9":0,"10":0,"11":3,"12":3,"13":3,"14":3,"15":12,"16":3,"17":3,"18":3,"19":3},"f":{"0":15,"1":20,"2":20,"3":14,"4":0,"5":3,"6":3,"7":12},"b":{"0":[15],"1":[15,3],"2":[0,3],"3":[15,3],"4":[0,20],"5":[20,0],"6":[14,0],"7":[0,0],"8":[3,0],"9":[3,0],"10":[0,12]},"meta":{"lastBranch":11,"lastFunction":8,"lastStatement":20,"seen":{"s:15:45:20:Infinity":0,"f:25:2:25:14":0,"b:25:46:25:48":0,"s:26:4:30:Infinity":1,"b:27:13:27:55:27:20:27:Infinity":1,"b:27:70:27:79:27:79:27:Infinity":2,"b:29:15:29:33:29:33:29:Infinity":3,"f:33:2:33:20":1,"b:34:4:34:Infinity:undefined:undefined:undefined:undefined":4,"s:34:4:34:Infinity":2,"s:34:30:34:Infinity":3,"s:35:4:35:Infinity":4,"f:38:2:38:24":2,"s:39:19:39:Infinity":5,"b:39:40:39:69:39:69:39:Infinity":5,"s:40:4:40:Infinity":6,"f:43:2:43:8":3,"b:44:4:45:Infinity:undefined:undefined:undefined:undefined":6,"s:44:4:45:Infinity":7,"s:45:6:45:Infinity":8,"f:49:2:49:7":4,"b:50:4:51:Infinity:undefined:undefined:undefined:undefined":7,"s:50:4:51:Infinity":9,"s:51:6:51:Infinity":10,"f:55:2:55:7":5,"b:56:4:57:Infinity:undefined:undefined:undefined:undefined":8,"s:56:4:57:Infinity":11,"s:57:6:57:Infinity":12,"f:61:2:61:8":6,"b:62:4:63:Infinity:undefined:undefined:undefined:undefined":9,"s:62:4:63:Infinity":13,"s:63:6:63:Infinity":14,"f:68:2:68:8":7,"s:69:4:72:Infinity":15,"b:71:35:71:71:71:71:71:Infinity":10,"s:77:22:77:34":16,"s:80:24:80:42":17,"s:83:31:83:56":18,"s:86:28:86:50":19}}}
,"C:\\Users\\jacke\\Documents\\GitHub\\eSports-EXE\\apps\\website-v2\\src\\workers\\grid.renderer.ts": {"path":"C:\\Users\\jacke\\Documents\\GitHub\\eSports-EXE\\apps\\website-v2\\src\\workers\\grid.renderer.ts","statementMap":{"0":{"start":{"line":31,"column":39},"end":{"line":37,"column":null}},"1":{"start":{"line":39,"column":15},"end":{"line":48,"column":null}},"2":{"start":{"line":59,"column":15},"end":{"line":59,"column":78}},"3":{"start":{"line":60,"column":15},"end":{"line":60,"column":43}},"4":{"start":{"line":62,"column":25},"end":{"line":62,"column":null}},"5":{"start":{"line":63,"column":26},"end":{"line":63,"column":null}},"6":{"start":{"line":65,"column":2},"end":{"line":71,"column":null}},"7":{"start":{"line":83,"column":17},"end":{"line":83,"column":79}},"8":{"start":{"line":84,"column":30},"end":{"line":84,"column":32}},"9":{"start":{"line":86,"column":2},"end":{"line":98,"column":null}},"10":{"start":{"line":86,"column":15},"end":{"line":86,"column":18}},"11":{"start":{"line":87,"column":16},"end":{"line":87,"column":null}},"12":{"start":{"line":88,"column":16},"end":{"line":88,"column":43}},"13":{"start":{"line":90,"column":4},"end":{"line":98,"column":null}},"14":{"start":{"line":101,"column":2},"end":{"line":101,"column":null}},"15":{"start":{"line":112,"column":2},"end":{"line":112,"column":null}},"16":{"start":{"line":113,"column":2},"end":{"line":113,"column":null}},"17":{"start":{"line":125,"column":2},"end":{"line":125,"column":null}},"18":{"start":{"line":126,"column":2},"end":{"line":126,"column":null}},"19":{"start":{"line":129,"column":2},"end":{"line":134,"column":null}},"20":{"start":{"line":129,"column":17},"end":{"line":129,"column":20}},"21":{"start":{"line":130,"column":14},"end":{"line":130,"column":null}},"22":{"start":{"line":131,"column":4},"end":{"line":131,"column":null}},"23":{"start":{"line":132,"column":4},"end":{"line":132,"column":null}},"24":{"start":{"line":133,"column":4},"end":{"line":133,"column":null}},"25":{"start":{"line":134,"column":4},"end":{"line":134,"column":null}},"26":{"start":{"line":138,"column":2},"end":{"line":143,"column":null}},"27":{"start":{"line":138,"column":17},"end":{"line":138,"column":20}},"28":{"start":{"line":139,"column":14},"end":{"line":139,"column":null}},"29":{"start":{"line":140,"column":4},"end":{"line":140,"column":null}},"30":{"start":{"line":141,"column":4},"end":{"line":141,"column":null}},"31":{"start":{"line":142,"column":4},"end":{"line":142,"column":null}},"32":{"start":{"line":143,"column":4},"end":{"line":143,"column":null}},"33":{"start":{"line":155,"column":15},"end":{"line":155,"column":null}},"34":{"start":{"line":156,"column":50},"end":{"line":156,"column":null}},"35":{"start":{"line":157,"column":25},"end":{"line":157,"column":null}},"36":{"start":{"line":160,"column":2},"end":{"line":160,"column":null}},"37":{"start":{"line":161,"column":2},"end":{"line":161,"column":null}},"38":{"start":{"line":162,"column":2},"end":{"line":162,"column":null}},"39":{"start":{"line":163,"column":2},"end":{"line":163,"column":null}},"40":{"start":{"line":166,"column":2},"end":{"line":166,"column":null}},"41":{"start":{"line":167,"column":2},"end":{"line":167,"column":null}},"42":{"start":{"line":170,"column":2},"end":{"line":170,"column":null}},"43":{"start":{"line":171,"column":2},"end":{"line":171,"column":null}},"44":{"start":{"line":172,"column":2},"end":{"line":172,"column":null}},"45":{"start":{"line":173,"column":2},"end":{"line":173,"column":null}},"46":{"start":{"line":176,"column":2},"end":{"line":179,"column":null}},"47":{"start":{"line":177,"column":4},"end":{"line":177,"column":null}},"48":{"start":{"line":178,"column":4},"end":{"line":178,"column":null}},"49":{"start":{"line":179,"column":4},"end":{"line":179,"column":null}},"50":{"start":{"line":183,"column":2},"end":{"line":183,"column":null}},"51":{"start":{"line":184,"column":2},"end":{"line":184,"column":null}},"52":{"start":{"line":187,"column":2},"end":{"line":187,"column":null}},"53":{"start":{"line":188,"column":2},"end":{"line":188,"column":null}},"54":{"start":{"line":189,"column":2},"end":{"line":189,"column":null}},"55":{"start":{"line":190,"column":2},"end":{"line":190,"column":null}},"56":{"start":{"line":191,"column":2},"end":{"line":191,"column":null}},"57":{"start":{"line":192,"column":2},"end":{"line":192,"column":null}},"58":{"start":{"line":195,"column":2},"end":{"line":200,"column":null}},"59":{"start":{"line":196,"column":4},"end":{"line":196,"column":null}},"60":{"start":{"line":197,"column":4},"end":{"line":197,"column":null}},"61":{"start":{"line":198,"column":4},"end":{"line":198,"column":null}},"62":{"start":{"line":199,"column":4},"end":{"line":199,"column":null}},"63":{"start":{"line":200,"column":4},"end":{"line":200,"column":null}},"64":{"start":{"line":204,"column":2},"end":{"line":236,"column":null}},"65":{"start":{"line":205,"column":4},"end":{"line":205,"column":null}},"66":{"start":{"line":206,"column":4},"end":{"line":206,"column":null}},"67":{"start":{"line":207,"column":4},"end":{"line":207,"column":null}},"68":{"start":{"line":208,"column":4},"end":{"line":208,"column":null}},"69":{"start":{"line":211,"column":21},"end":{"line":211,"column":null}},"70":{"start":{"line":212,"column":23},"end":{"line":212,"column":null}},"71":{"start":{"line":213,"column":19},"end":{"line":213,"column":null}},"72":{"start":{"line":215,"column":18},"end":{"line":215,"column":36}},"73":{"start":{"line":216,"column":15},"end":{"line":216,"column":null}},"74":{"start":{"line":217,"column":19},"end":{"line":217,"column":null}},"75":{"start":{"line":219,"column":4},"end":{"line":231,"column":null}},"76":{"start":{"line":220,"column":23},"end":{"line":220,"column":null}},"77":{"start":{"line":221,"column":22},"end":{"line":221,"column":47}},"78":{"start":{"line":223,"column":6},"end":{"line":231,"column":null}},"79":{"start":{"line":224,"column":8},"end":{"line":224,"column":null}},"80":{"start":{"line":225,"column":8},"end":{"line":225,"column":null}},"81":{"start":{"line":226,"column":8},"end":{"line":226,"column":null}},"82":{"start":{"line":229,"column":8},"end":{"line":229,"column":null}},"83":{"start":{"line":229,"column":40},"end":{"line":229,"column":null}},"84":{"start":{"line":231,"column":8},"end":{"line":231,"column":null}},"85":{"start":{"line":235,"column":4},"end":{"line":236,"column":null}},"86":{"start":{"line":236,"column":6},"end":{"line":236,"column":null}},"87":{"start":{"line":251,"column":20},"end":{"line":251,"column":37}},"88":{"start":{"line":252,"column":15},"end":{"line":252,"column":null}},"89":{"start":{"line":255,"column":2},"end":{"line":255,"column":null}},"90":{"start":{"line":258,"column":17},"end":{"line":258,"column":78}},"91":{"start":{"line":261,"column":2},"end":{"line":262,"column":null}},"92":{"start":{"line":262,"column":4},"end":{"line":262,"column":null}},"93":{"start":{"line":266,"column":2},"end":{"line":267,"column":null}},"94":{"start":{"line":267,"column":4},"end":{"line":267,"column":null}},"95":{"start":{"line":270,"column":21},"end":{"line":270,"column":null}},"96":{"start":{"line":271,"column":25},"end":{"line":271,"column":null}},"97":{"start":{"line":273,"column":2},"end":{"line":278,"column":null}},"98":{"start":{"line":290,"column":2},"end":{"line":290,"column":null}},"99":{"start":{"line":291,"column":2},"end":{"line":291,"column":null}}},"fnMap":{"0":{"name":"calculateGridLayout","decl":{"start":{"line":53,"column":16},"end":{"line":53,"column":null}},"loc":{"start":{"line":58,"column":14},"end":{"line":71,"column":null}},"line":58},"1":{"name":"generatePanelLayout","decl":{"start":{"line":77,"column":16},"end":{"line":77,"column":null}},"loc":{"start":{"line":82,"column":15},"end":{"line":101,"column":null}},"line":82},"2":{"name":"clearCanvas","decl":{"start":{"line":107,"column":16},"end":{"line":107,"column":null}},"loc":{"start":{"line":111,"column":8},"end":{"line":113,"column":null}},"line":111},"3":{"name":"drawGridLines","decl":{"start":{"line":119,"column":16},"end":{"line":119,"column":null}},"loc":{"start":{"line":124,"column":8},"end":{"line":143,"column":null}},"line":124},"4":{"name":"renderPanel","decl":{"start":{"line":150,"column":16},"end":{"line":150,"column":null}},"loc":{"start":{"line":154,"column":8},"end":{"line":236,"column":null}},"line":154},"5":{"name":"renderGrid","decl":{"start":{"line":244,"column":16},"end":{"line":244,"column":null}},"loc":{"start":{"line":250,"column":15},"end":{"line":278,"column":null}},"line":250},"6":{"name":"resizeCanvas","decl":{"start":{"line":284,"column":16},"end":{"line":284,"column":null}},"loc":{"start":{"line":289,"column":8},"end":{"line":291,"column":null}},"line":289}},"branchMap":{"0":{"loc":{"start":{"line":57,"column":2},"end":{"line":57,"column":null}},"type":"default-arg","locations":[{"start":{"line":57,"column":20},"end":{"line":57,"column":null}}],"line":57},"1":{"loc":{"start":{"line":81,"column":2},"end":{"line":81,"column":null}},"type":"default-arg","locations":[{"start":{"line":81,"column":20},"end":{"line":81,"column":null}}],"line":81},"2":{"loc":{"start":{"line":153,"column":2},"end":{"line":153,"column":29}},"type":"default-arg","locations":[{"start":{"line":153,"column":27},"end":{"line":153,"column":29}}],"line":153},"3":{"loc":{"start":{"line":176,"column":2},"end":{"line":179,"column":null}},"type":"if","locations":[{"start":{"line":176,"column":2},"end":{"line":179,"column":null}},{"start":{},"end":{}}],"line":176},"4":{"loc":{"start":{"line":195,"column":2},"end":{"line":200,"column":null}},"type":"if","locations":[{"start":{"line":195,"column":2},"end":{"line":200,"column":null}},{"start":{},"end":{}}],"line":195},"5":{"loc":{"start":{"line":195,"column":6},"end":{"line":195,"column":32}},"type":"binary-expr","locations":[{"start":{"line":195,"column":6},"end":{"line":195,"column":25}},{"start":{"line":195,"column":25},"end":{"line":195,"column":32}}],"line":195},"6":{"loc":{"start":{"line":204,"column":2},"end":{"line":236,"column":null}},"type":"if","locations":[{"start":{"line":204,"column":2},"end":{"line":236,"column":null}},{"start":{},"end":{}}],"line":204},"7":{"loc":{"start":{"line":223,"column":6},"end":{"line":231,"column":null}},"type":"if","locations":[{"start":{"line":223,"column":6},"end":{"line":231,"column":null}},{"start":{"line":230,"column":13},"end":{"line":231,"column":null}}],"line":223},"8":{"loc":{"start":{"line":223,"column":10},"end":{"line":223,"column":51}},"type":"binary-expr","locations":[{"start":{"line":223,"column":10},"end":{"line":223,"column":38}},{"start":{"line":223,"column":38},"end":{"line":223,"column":51}}],"line":223},"9":{"loc":{"start":{"line":229,"column":8},"end":{"line":229,"column":null}},"type":"if","locations":[{"start":{"line":229,"column":8},"end":{"line":229,"column":null}},{"start":{},"end":{}}],"line":229},"10":{"loc":{"start":{"line":235,"column":4},"end":{"line":236,"column":null}},"type":"if","locations":[{"start":{"line":235,"column":4},"end":{"line":236,"column":null}},{"start":{},"end":{}}],"line":235},"11":{"loc":{"start":{"line":249,"column":2},"end":{"line":249,"column":29}},"type":"default-arg","locations":[{"start":{"line":249,"column":27},"end":{"line":249,"column":29}}],"line":249},"12":{"loc":{"start":{"line":261,"column":2},"end":{"line":262,"column":null}},"type":"if","locations":[{"start":{"line":261,"column":2},"end":{"line":262,"column":null}},{"start":{},"end":{}}],"line":261},"13":{"loc":{"start":{"line":276,"column":9},"end":{"line":276,"column":null}},"type":"cond-expr","locations":[{"start":{"line":276,"column":26},"end":{"line":276,"column":46}},{"start":{"line":276,"column":46},"end":{"line":276,"column":null}}],"line":276},"14":{"loc":{"start":{"line":288,"column":2},"end":{"line":288,"column":null}},"type":"default-arg","locations":[{"start":{"line":288,"column":16},"end":{"line":288,"column":null}}],"line":288}},"s":{"0":1,"1":1,"2":8,"3":8,"4":8,"5":8,"6":8,"7":3,"8":3,"9":3,"10":3,"11":12,"12":12,"13":12,"14":3,"15":0,"16":0,"17":0,"18":0,"19":0,"20":0,"21":0,"22":0,"23":0,"24":0,"25":0,"26":0,"27":0,"28":0,"29":0,"30":0,"31":0,"32":0,"33":0,"34":0,"35":0,"36":0,"37":0,"38":0,"39":0,"40":0,"41":0,"42":0,"43":0,"44":0,"45":0,"46":0,"47":0,"48":0,"49":0,"50":0,"51":0,"52":0,"53":0,"54":0,"55":0,"56":0,"57":0,"58":0,"59":0,"60":0,"61":0,"62":0,"63":0,"64":0,"65":0,"66":0,"67":0,"68":0,"69":0,"70":0,"71":0,"72":0,"73":0,"74":0,"75":0,"76":0,"77":0,"78":0,"79":0,"80":0,"81":0,"82":0,"83":0,"84":0,"85":0,"86":0,"87":0,"88":0,"89":0,"90":0,"91":0,"92":0,"93":0,"94":0,"95":0,"96":0,"97":0,"98":0,"99":0},"f":{"0":8,"1":3,"2":0,"3":0,"4":0,"5":0,"6":0},"b":{"0":[8],"1":[3],"2":[0],"3":[0,0],"4":[0,0],"5":[0,0],"6":[0,0],"7":[0,0],"8":[0,0],"9":[0,0],"10":[0,0],"11":[0],"12":[0,0],"13":[0,0],"14":[0]},"meta":{"lastBranch":15,"lastFunction":7,"lastStatement":100,"seen":{"s:31:39:37:Infinity":0,"s:39:15:48:Infinity":1,"f:53:16:53:Infinity":0,"b:57:20:57:Infinity":0,"s:59:15:59:78":2,"s:60:15:60:43":3,"s:62:25:62:Infinity":4,"s:63:26:63:Infinity":5,"s:65:2:71:Infinity":6,"f:77:16:77:Infinity":1,"b:81:20:81:Infinity":1,"s:83:17:83:79":7,"s:84:30:84:32":8,"s:86:2:98:Infinity":9,"s:86:15:86:18":10,"s:87:16:87:Infinity":11,"s:88:16:88:43":12,"s:90:4:98:Infinity":13,"s:101:2:101:Infinity":14,"f:107:16:107:Infinity":2,"s:112:2:112:Infinity":15,"s:113:2:113:Infinity":16,"f:119:16:119:Infinity":3,"s:125:2:125:Infinity":17,"s:126:2:126:Infinity":18,"s:129:2:134:Infinity":19,"s:129:17:129:20":20,"s:130:14:130:Infinity":21,"s:131:4:131:Infinity":22,"s:132:4:132:Infinity":23,"s:133:4:133:Infinity":24,"s:134:4:134:Infinity":25,"s:138:2:143:Infinity":26,"s:138:17:138:20":27,"s:139:14:139:Infinity":28,"s:140:4:140:Infinity":29,"s:141:4:141:Infinity":30,"s:142:4:142:Infinity":31,"s:143:4:143:Infinity":32,"f:150:16:150:Infinity":4,"b:153:27:153:29":2,"s:155:15:155:Infinity":33,"s:156:50:156:Infinity":34,"s:157:25:157:Infinity":35,"s:160:2:160:Infinity":36,"s:161:2:161:Infinity":37,"s:162:2:162:Infinity":38,"s:163:2:163:Infinity":39,"s:166:2:166:Infinity":40,"s:167:2:167:Infinity":41,"s:170:2:170:Infinity":42,"s:171:2:171:Infinity":43,"s:172:2:172:Infinity":44,"s:173:2:173:Infinity":45,"b:176:2:179:Infinity:undefined:undefined:undefined:undefined":3,"s:176:2:179:Infinity":46,"s:177:4:177:Infinity":47,"s:178:4:178:Infinity":48,"s:179:4:179:Infinity":49,"s:183:2:183:Infinity":50,"s:184:2:184:Infinity":51,"s:187:2:187:Infinity":52,"s:188:2:188:Infinity":53,"s:189:2:189:Infinity":54,"s:190:2:190:Infinity":55,"s:191:2:191:Infinity":56,"s:192:2:192:Infinity":57,"b:195:2:200:Infinity:undefined:undefined:undefined:undefined":4,"s:195:2:200:Infinity":58,"b:195:6:195:25:195:25:195:32":5,"s:196:4:196:Infinity":59,"s:197:4:197:Infinity":60,"s:198:4:198:Infinity":61,"s:199:4:199:Infinity":62,"s:200:4:200:Infinity":63,"b:204:2:236:Infinity:undefined:undefined:undefined:undefined":6,"s:204:2:236:Infinity":64,"s:205:4:205:Infinity":65,"s:206:4:206:Infinity":66,"s:207:4:207:Infinity":67,"s:208:4:208:Infinity":68,"s:211:21:211:Infinity":69,"s:212:23:212:Infinity":70,"s:213:19:213:Infinity":71,"s:215:18:215:36":72,"s:216:15:216:Infinity":73,"s:217:19:217:Infinity":74,"s:219:4:231:Infinity":75,"s:220:23:220:Infinity":76,"s:221:22:221:47":77,"b:223:6:231:Infinity:230:13:231:Infinity":7,"s:223:6:231:Infinity":78,"b:223:10:223:38:223:38:223:51":8,"s:224:8:224:Infinity":79,"s:225:8:225:Infinity":80,"s:226:8:226:Infinity":81,"b:229:8:229:Infinity:undefined:undefined:undefined:undefined":9,"s:229:8:229:Infinity":82,"s:229:40:229:Infinity":83,"s:231:8:231:Infinity":84,"b:235:4:236:Infinity:undefined:undefined:undefined:undefined":10,"s:235:4:236:Infinity":85,"s:236:6:236:Infinity":86,"f:244:16:244:Infinity":5,"b:249:27:249:29":11,"s:251:20:251:37":87,"s:252:15:252:Infinity":88,"s:255:2:255:Infinity":89,"s:258:17:258:78":90,"b:261:2:262:Infinity:undefined:undefined:undefined:undefined":12,"s:261:2:262:Infinity":91,"s:262:4:262:Infinity":92,"s:266:2:267:Infinity":93,"s:267:4:267:Infinity":94,"s:270:21:270:Infinity":95,"s:271:25:271:Infinity":96,"s:273:2:278:Infinity":97,"b:276:26:276:46:276:46:276:Infinity":13,"f:284:16:284:Infinity":6,"b:288:16:288:Infinity":14,"s:290:2:290:Infinity":98,"s:291:2:291:Infinity":99}}}
}
